#
# A fatal error has been detected by the Java Runtime Environment:
#
#  SIGSEGV (0xb) at pc=0x00000001114e06c3, pid=4673, tid=24835
#
# JRE version: OpenJDK Runtime Environment (21.0.2+13) (build 21.0.2+13-58)
# Java VM: OpenJDK 64-Bit Server VM (21.0.2+13-58, mixed mode, emulated-client, sharing, tiered, compressed oops, compressed class ptrs, g1 gc, bsd-amd64)
# Problematic frame:
# V  [libjvm.dylib+0x4ed6c3]  G1ParScanThreadState::trim_queue_to_threshold(unsigned int)+0x433
#
# No core dump will be written. Core dumps have been disabled. To enable core dumping, try "ulimit -c unlimited" before starting Java again
#
# If you would like to submit a bug report, please visit:
#   https://bugreport.java.com/bugreport/crash.jsp
#

---------------  S U M M A R Y ------------

Command Line: -XX:TieredStopAtLevel=1 -Dspring.output.ansi.enabled=always -Dcom.sun.management.jmxremote -Dspring.jmx.enabled=true -Dspring.liveBeansView.mbeanDomain -Dspring.application.admin.enabled=true -Dmanagement.endpoints.jmx.exposure.include=* -javaagent:/Applications/IntelliJ IDEA.app/Contents/lib/idea_rt.jar=52341:/Applications/IntelliJ IDEA.app/Contents/bin -Dfile.encoding=UTF-8 -Dsun.stdout.encoding=UTF-8 -Dsun.stderr.encoding=UTF-8 com.penny.Main

Host: "MacBookPro12,1" x86_64 2700 MHz, 4 cores, 8G, Darwin 21.6.0, macOS 12.6.9 (21G726)
Time: Mon May 13 11:34:04 2024 CST elapsed time: 6.832802 seconds (0d 0h 0m 6s)

---------------  T H R E A D  ---------------

Current thread (0x00007fc1dd229450):  WorkerThread "GC Thread#3"    [id=24835, stack(0x00007000096e7000,0x00007000097e7000) (1024K)]

Stack: [0x00007000096e7000,0x00007000097e7000],  sp=0x00007000097e6be0,  free space=1022k
Native frames: (J=compiled Java code, j=interpreted, Vv=VM code, C=native code)
V  [libjvm.dylib+0x4ed6c3]  G1ParScanThreadState::trim_queue_to_threshold(unsigned int)+0x433
V  [libjvm.dylib+0x4fa032]  G1ScanHRForRegionClosure::scan_memregion(unsigned int, MemRegion)+0xd2
V  [libjvm.dylib+0x4f9ef0]  G1ScanHRForRegionClosure::scan_heap_roots(HeapRegion*)+0x370
V  [libjvm.dylib+0x4f9b60]  G1ScanHRForRegionClosure::do_heap_region(HeapRegion*)+0x50
V  [libjvm.dylib+0x4f8768]  G1RemSet::scan_heap_roots(G1ParScanThreadState*, unsigned int, G1GCPhaseTimes::GCParPhases, G1GCPhaseTimes::GCParPhases, bool)+0x148
V  [libjvm.dylib+0x510688]  G1EvacuateRegionsTask::scan_roots(G1ParScanThreadState*, unsigned int)+0x48
V  [libjvm.dylib+0x510535]  G1EvacuateRegionsBaseTask::work(unsigned int)+0x75
V  [libjvm.dylib+0xbaebbc]  WorkerThread::run()+0x7c
V  [libjvm.dylib+0xae47f5]  Thread::call_run()+0xa5
V  [libjvm.dylib+0x940b47]  thread_native_entry(Thread*)+0x147
C  [libsystem_pthread.dylib+0x64e1]  _pthread_start+0x7d
C  [libsystem_pthread.dylib+0x1f6b]  thread_start+0xf

siginfo: si_signo: 11 (SIGSEGV), si_code: 1 (SEGV_MAPERR), si_addr: 0x00000000fffd8ef0

Registers:
RAX=0x0000000000000000, RBX=0x00000007804d84ec, RCX=0x0000000000000014, RDX=0x00000000fffd8ef0
RSP=0x00007000097e6be0, RBP=0x00007000097e6c20, RSI=0x0000000000000000, RDI=0x0000000000000000
R8 =0x0000000000000003, R9 =0x0000000787100370, R10=0x0000000111e28928, R11=0xfffffffff93d8170
R12=0x00007fc1db7394c0, R13=0x00007fc1dd0065b0, R14=0x0000000000000040, R15=0x0000000195597fd4
RIP=0x00000001114e06c3, EFLAGS=0x0000000000010202, ERR=0x0000000000000004
  TRAPNO=0x000000000000000e


Register to memory mapping:

RAX=0x0 is null
RBX=0x00000007804d84ec is pointing into object: java.lang.module.ModuleDescriptor$Requires 
{0x00000007804d84e0} - klass: 'java/lang/module/ModuleDescriptor$Requires'
 - ---- fields (total size 4 words):
 - private final 'mods' 'Ljava/util/Set;' @12  
[error occurred during error reporting (printing register info), id 0xb, SIGSEGV (0xb) at pc=0x0000000111920eff]
RCX=0x0000000000000014 is an unknown value
RDX=0x00000000fffd8ef0 is an unknown value
RSP=0x00007000097e6be0 points into unknown readable memory: 0x00007000097e6bf0 | f0 6b 7e 09 00 70 00 00
RBP=0x00007000097e6c20 points into unknown readable memory: 0x00007000097e6c80 | 80 6c 7e 09 00 70 00 00
RSI=0x0 is null
RDI=0x0 is null
R8 =0x0000000000000003 is an unknown value
R9 =0x0000000787100370 is an oop: java.lang.module.ModuleDescriptor$Requires 
{0x0000000787100370} - klass: 'java/lang/module/ModuleDescriptor$Requires'
 - ---- fields (total size 4 words):
 - private final 'mods' 'Ljava/util/Set;' @12  
[error occurred during error reporting (printing register info, attempt 2), id 0xb, SIGSEGV (0xb) at pc=0x0000000111920eff]
R10=0x0000000111e28928: _ZN12BOTConstants14_log_card_sizeE+0 in /Users/macintosh/Library/Java/JavaVirtualMachines/openjdk-21.0.2/Contents/Home/lib/server/libjvm.dylib at 0x0000000110ff3000
R11=0xfffffffff93d8170 is an unknown value
R12=0x00007fc1db7394c0 points into unknown readable memory: 0x0000000111dda2b0 | b0 a2 dd 11 01 00 00 00
R13=0x00007fc1dd0065b0 points into unknown readable memory: 0x0000000000000000 | 00 00 00 00 00 00 00 00
R14=0x0000000000000040 is an unknown value
R15=0x0000000195597fd4 is an unknown value

Top of Stack: (sp=0x00007000097e6be0)
0x00007000097e6be0:   00007000097e6bf0 0000004011933fb9
0x00007000097e6bf0:   00007fc1db7394d8 00007fc1db7394c0
0x00007000097e6c00:   00000004436aa69a 00007000097e6de8
0x00007000097e6c10:   00000007ffe8ac80 0000000195597fd4
0x00007000097e6c20:   00007000097e6c80 00000001114ed032
0x00007000097e6c30:   0000000111dda6e8 0000000000000000
0x00007000097e6c40:   00007fc1dc810c00 00007fc1db7394c0
0x00007000097e6c50:   00007000097e6de8 00000001106ea460
0x00007000097e6c60:   00000007ffe88000 00000001106ea456
0x00007000097e6c70:   0000000000000016 00006000002821c0
0x00007000097e6c80:   00007000097e6d00 00000001114ecef0
0x00007000097e6c90:   0000000000001ff8 0000600002fb8150
0x00007000097e6ca0:   00007fc1dd2225d0 00000000000003d8
0x00007000097e6cb0:   00007fc1dd2225e0 00007fc1dd2229b8
0x00007000097e6cc0:   0000000000000000 00007000097e6d98
0x00007000097e6cd0:   00000000000007fe 00007000097e6d98
0x00007000097e6ce0:   00006000002821c0 0000000000000002
0x00007000097e6cf0:   0000600001390c60 00007000097e6d18
0x00007000097e6d00:   00007000097e6d60 00000001114ecb60
0x00007000097e6d10:   00007000097e6e60 00007fc1db7394c0
0x00007000097e6d20:   00000001950df009 00000004429ea22e
0x00007000097e6d30:   00007000097e6df0 00007000097e6e00
0x00007000097e6d40:   0000700000000000 0000000000000002
0x00007000097e6d50:   00007fc1dc810c00 00007000097e6d98
0x00007000097e6d60:   00007000097e6e60 00000001114eb768
0x00007000097e6d70:   0000000000000000 0000000000000000
0x00007000097e6d80:   0000700009000000 0000000000045488
0x00007000097e6d90:   00000000000bae2c 0000000111dda6d0
0x00007000097e6da0:   000000000020b001 00007fc1dc810c00
0x00007000097e6db0:   0000600000f95780 00007fc1db7394c0
0x00007000097e6dc0:   00006000002821c0 0000000100000010
0x00007000097e6dd0:   0000000000000061 0000000000000005 

Instructions: (pc=0x00000001114e06c3)
0x00000001114e05c3:   e8 48 21 00 00 4d 8b 6c 24 10 49 8d 8d 80 00 00
0x00000001114e05d3:   00 41 8b 85 80 00 00 00 49 8d 95 00 01 00 00 89
0x00000001114e05e3:   c6 41 2b b5 00 01 00 00 81 e6 ff ff 01 00 44 39
0x00000001114e05f3:   f6 0f 86 d1 fc ff ff 05 ff ff 01 00 89 c6 81 e6
0x00000001114e0603:   ff ff 01 00 89 31 f0 83 04 24 00 49 8b 8d 80 01
0x00000001114e0613:   00 00 48 8b 1c f1 2b 02 25 ff ff 01 00 3d ff ff
0x00000001114e0623:   01 00 74 04 85 c0 75 48 49 8b 8d 00 01 00 00 49
0x00000001114e0633:   81 c5 00 01 00 00 48 b8 00 00 00 00 01 00 00 00
0x00000001114e0643:   48 8d 3c 01 48 b8 00 00 00 00 ff ff ff ff 48 21
0x00000001114e0653:   c7 48 09 f7 39 ce 0f 85 61 fc ff ff 48 89 c8 f0
0x00000001114e0663:   49 0f b1 7d 00 48 39 c8 0f 85 4f fc ff ff 8b 02
0x00000001114e0673:   f6 c3 01 0f 84 34 ff ff ff 8b 53 ff 48 8d 05 aa
0x00000001114e0683:   22 92 00 44 8b 40 08 44 89 c1 48 d3 e2 48 8b 38
0x00000001114e0693:   48 01 fa 49 8b 44 24 08 0f b6 88 b8 05 00 00 48
0x00000001114e06a3:   89 d6 48 d3 ee 48 8b 80 a8 05 00 00 0f b7 34 70
0x00000001114e06b3:   89 f0 c1 e8 08 84 c0 0f 88 08 ff ff ff 48 ff cb
0x00000001114e06c3:   48 8b 02 89 c1 83 e1 03 83 f9 03 75 46 48 83 e0
0x00000001114e06d3:   fc eb 59 48 8b 13 49 8b 44 24 08 0f b6 88 b8 05
0x00000001114e06e3:   00 00 48 89 d6 48 d3 ee 48 8b 80 a8 05 00 00 0f
0x00000001114e06f3:   b7 34 70 89 f0 c1 e8 08 84 c0 0f 88 c5 fe ff ff
0x00000001114e0703:   48 8b 02 89 c1 83 e1 03 83 f9 03 75 35 48 83 e0
0x00000001114e0713:   fc eb 3a 4c 89 e7 48 89 c1 e8 6f 0c 00 00 48 8d
0x00000001114e0723:   0d 08 22 92 00 48 8b 39 44 8b 41 08 48 89 c2 48
0x00000001114e0733:   29 fa 44 89 c1 48 d3 ea 89 13 48 89 c2 48 31 da
0x00000001114e0743:   eb 14 4c 89 e7 48 89 c1 e8 40 0c 00 00 48 89 03
0x00000001114e0753:   48 89 da 48 31 c2 48 8d 0d 68 47 95 00 0f b6 09
0x00000001114e0763:   48 d3 ea 48 85 d2 0f 84 59 fe ff ff 49 8b 54 24
0x00000001114e0773:   08 8b 8a b8 05 00 00 48 89 de 48 d3 ee 48 8b 92
0x00000001114e0783:   a8 05 00 00 0f b6 74 72 01 c1 e6 08 81 fe 00 fe
0x00000001114e0793:   00 00 0f 84 2d fe ff ff 48 d3 e8 0f b7 04 42 84
0x00000001114e07a3:   c0 0f 84 1e fe ff ff c1 e8 08 84 c0 0f 89 13 fe
0x00000001114e07b3:   ff ff 48 8d 05 9c 8b 94 00 0f b6 08 48 d3 eb 49 


Stack slot to memory mapping:

stack at sp + 0 slots: 0x00007000097e6bf0 points into unknown readable memory: 0x00007fc1db7394d8 | d8 94 73 db c1 7f 00 00
stack at sp + 1 slots: 0x0000004011933fb9 is an unknown value
stack at sp + 2 slots: 0x00007fc1db7394d8 points into unknown readable memory: 0x0000000111dda570 | 70 a5 dd 11 01 00 00 00
stack at sp + 3 slots: 0x00007fc1db7394c0 points into unknown readable memory: 0x0000000111dda2b0 | b0 a2 dd 11 01 00 00 00
stack at sp + 4 slots: 0x00000004436aa69a is an unknown value
stack at sp + 5 slots: 0x00007000097e6de8 points into unknown readable memory: 0x00000000000003bc | bc 03 00 00 00 00 00 00
stack at sp + 6 slots: 0x00000007ffe8ac80 is an oop: [Ljava.lang.Object; 
{0x00000007ffe8ac80} - klass: 'java/lang/Object'[]
 - length: 2
stack at sp + 7 slots: 0x0000000195597fd4 is an unknown value


---------------  P R O C E S S  ---------------

Threads class SMR info:
_java_thread_list=0x00006000021a7720, length=12, elements={
0x00007fc1dc80b800, 0x00007fc1dc023600, 0x00007fc1dc019000, 0x00007fc1db842400,
0x00007fc1db83ea00, 0x00007fc1db83f200, 0x00007fc1dc839200, 0x00007fc1dc019800,
0x00007fc1dc196e00, 0x00007fc1db83fa00, 0x00007fc1dd92a200, 0x00007fc1dd966800
}

Java Threads: ( => current thread )
  0x00007fc1dc80b800 JavaThread "main"                              [_thread_blocked, id=9987, stack(0x00007000080a2000,0x00007000081a2000) (1024K)]
  0x00007fc1dc023600 JavaThread "Reference Handler"          daemon [_thread_blocked, id=43011, stack(0x00007000089c0000,0x0000700008ac0000) (1024K)]
  0x00007fc1dc019000 JavaThread "Finalizer"                  daemon [_thread_blocked, id=42499, stack(0x0000700008ac3000,0x0000700008bc3000) (1024K)]
  0x00007fc1db842400 JavaThread "Signal Dispatcher"          daemon [_thread_blocked, id=22531, stack(0x0000700008bc6000,0x0000700008cc6000) (1024K)]
  0x00007fc1db83ea00 JavaThread "Service Thread"             daemon [_thread_blocked, id=41731, stack(0x0000700008cc9000,0x0000700008dc9000) (1024K)]
  0x00007fc1db83f200 JavaThread "Monitor Deflation Thread"   daemon [_thread_blocked, id=23043, stack(0x0000700008dcc000,0x0000700008ecc000) (1024K)]
  0x00007fc1dc839200 JavaThread "C1 CompilerThread0"         daemon [_thread_blocked, id=23299, stack(0x0000700008ecf000,0x0000700008fcf000) (1024K)]
  0x00007fc1dc019800 JavaThread "Common-Cleaner"             daemon [_thread_blocked, id=40963, stack(0x0000700008fd2000,0x00007000090d2000) (1024K)]
  0x00007fc1dc196e00 JavaThread "Monitor Ctrl-Break"         daemon [_thread_in_native, id=23555, stack(0x00007000091d8000,0x00007000092d8000) (1024K)]
  0x00007fc1db83fa00 JavaThread "Notification Thread"        daemon [_thread_blocked, id=23811, stack(0x00007000092db000,0x00007000093db000) (1024K)]
  0x00007fc1dd92a200 JavaThread "Attach Listener"            daemon [_thread_blocked, id=39683, stack(0x00007000094e1000,0x00007000095e1000) (1024K)]
  0x00007fc1dd966800 JavaThread "RMI TCP Accept-0"           daemon [_thread_in_native, id=40455, stack(0x00007000090d5000,0x00007000091d5000) (1024K)]
Total: 12

Other Threads:
  0x00007fc1dd708240 VMThread "VM Thread"                           [id=17155, stack(0x00007000087b7000,0x00007000088b7000) (1024K)]
  0x00007fc1db705600 WatcherThread "VM Periodic Task Thread"        [id=18435, stack(0x00007000086b4000,0x00007000087b4000) (1024K)]
  0x00007fc1dd006e20 WorkerThread "GC Thread#0"                     [id=20483, stack(0x00007000081a5000,0x00007000082a5000) (1024K)]
  0x00007fc1dd228920 WorkerThread "GC Thread#1"                     [id=24327, stack(0x00007000093de000,0x00007000094de000) (1024K)]
  0x00007fc1dd228cc0 WorkerThread "GC Thread#2"                     [id=39171, stack(0x00007000095e4000,0x00007000096e4000) (1024K)]
=>0x00007fc1dd229450 WorkerThread "GC Thread#3"                     [id=24835, stack(0x00007000096e7000,0x00007000097e7000) (1024K)]
  0x00007fc1dd204fa0 ConcurrentGCThread "G1 Main Marker"            [id=19971, stack(0x00007000082a8000,0x00007000083a8000) (1024K)]
  0x00007fc1dd205910 WorkerThread "G1 Conc#0"                       [id=13315, stack(0x00007000083ab000,0x00007000084ab000) (1024K)]
  0x00007fc1db808200 ConcurrentGCThread "G1 Refine#0"               [id=19203, stack(0x00007000084ae000,0x00007000085ae000) (1024K)]
  0x00007fc1dd705080 ConcurrentGCThread "G1 Service"                [id=13571, stack(0x00007000085b1000,0x00007000086b1000) (1024K)]
Total: 10

Threads with active compile tasks:
Total: 0

VM state: at safepoint (normal execution)

VM Mutex/Monitor currently owned by a thread:  ([mutex/lock_event])
[0x0000000111e78570] Threads_lock - owner thread: 0x00007fc1dd708240
[0x0000000111e78670] Heap_lock - owner thread: 0x00007fc1dc80b800

Heap address: 0x0000000780000000, size: 2048 MB, Compressed Oops mode: Zero based, Oop shift amount: 3

CDS archive(s) mapped at: [0x0000000122000000-0x0000000122ca4000-0x0000000122ca4000), size 13254656, SharedBaseAddress: 0x0000000122000000, ArchiveRelocationMode: 1.
Compressed class space mapped at: 0x0000000123000000-0x0000000163000000, reserved size: 1073741824
Narrow klass base: 0x0000000122000000, Narrow klass shift: 0, Narrow klass range: 0x100000000

GC Precious Log:
 CardTable entry size: 512
 Card Set container configuration: InlinePtr #cards 5 size 8 Array Of Cards #cards 12 size 40 Howl #buckets 4 coarsen threshold 1843 Howl Bitmap #cards 512 size 80 coarsen threshold 460 Card regions per heap region 1 cards per card region 2048
 CPUs: 4 total, 4 available
 Memory: 8192M
 Large Page Support: Disabled
 NUMA Support: Disabled
 Compressed Oops: Enabled (Zero based)
 Heap Region Size: 1M
 Heap Min Capacity: 8M
 Heap Initial Capacity: 128M
 Heap Max Capacity: 2G
 Pre-touch: Disabled
 Parallel Workers: 4
 Concurrent Workers: 1
 Concurrent Refinement Workers: 4
 Periodic GC: Disabled

Heap:
 garbage-first heap   total 133120K, used 18840K [0x0000000780000000, 0x0000000800000000)
  region size 1024K, 14 young (14336K), 2 survivors (2048K)
 Metaspace       used 9066K, committed 9280K, reserved 1114112K
  class space    used 1116K, committed 1216K, reserved 1048576K

Heap Regions: E=young(eden), S=young(survivor), O=old, HS=humongous(starts), HC=humongous(continues), CS=collection set, F=free, TAMS=top-at-mark-start, PB=parsable bottom
|   0|0x0000000780000000, 0x0000000780100000, 0x0000000780100000|100%| O|  |TAMS 0x0000000780000000| PB 0x0000000780000000| Untracked 
|   1|0x0000000780100000, 0x0000000780200000, 0x0000000780200000|100%| O|  |TAMS 0x0000000780100000| PB 0x0000000780100000| Untracked 
|   2|0x0000000780200000, 0x0000000780300000, 0x0000000780300000|100%| O|  |TAMS 0x0000000780200000| PB 0x0000000780200000| Untracked 
|   3|0x0000000780300000, 0x0000000780400000, 0x0000000780400000|100%| O|  |TAMS 0x0000000780300000| PB 0x0000000780300000| Untracked 
|   4|0x0000000780400000, 0x0000000780500000, 0x0000000780500000|100%| O|  |TAMS 0x0000000780400000| PB 0x0000000780400000| Untracked 
|   5|0x0000000780500000, 0x000000078056ade8, 0x0000000780600000| 41%| O|  |TAMS 0x0000000780500000| PB 0x0000000780500000| Untracked 
|   6|0x0000000780600000, 0x0000000780600000, 0x0000000780700000|  0%| F|  |TAMS 0x0000000780600000| PB 0x0000000780600000| Untracked 
|   7|0x0000000780700000, 0x0000000780700000, 0x0000000780800000|  0%| F|  |TAMS 0x0000000780700000| PB 0x0000000780700000| Untracked 
|   8|0x0000000780800000, 0x0000000780800000, 0x0000000780900000|  0%| F|  |TAMS 0x0000000780800000| PB 0x0000000780800000| Untracked 
|   9|0x0000000780900000, 0x0000000780900000, 0x0000000780a00000|  0%| F|  |TAMS 0x0000000780900000| PB 0x0000000780900000| Untracked 
|  10|0x0000000780a00000, 0x0000000780a00000, 0x0000000780b00000|  0%| F|  |TAMS 0x0000000780a00000| PB 0x0000000780a00000| Untracked 
|  11|0x0000000780b00000, 0x0000000780b00000, 0x0000000780c00000|  0%| F|  |TAMS 0x0000000780b00000| PB 0x0000000780b00000| Untracked 
|  12|0x0000000780c00000, 0x0000000780c00000, 0x0000000780d00000|  0%| F|  |TAMS 0x0000000780c00000| PB 0x0000000780c00000| Untracked 
|  13|0x0000000780d00000, 0x0000000780d00000, 0x0000000780e00000|  0%| F|  |TAMS 0x0000000780d00000| PB 0x0000000780d00000| Untracked 
|  14|0x0000000780e00000, 0x0000000780e00000, 0x0000000780f00000|  0%| F|  |TAMS 0x0000000780e00000| PB 0x0000000780e00000| Untracked 
|  15|0x0000000780f00000, 0x0000000780f00000, 0x0000000781000000|  0%| F|  |TAMS 0x0000000780f00000| PB 0x0000000780f00000| Untracked 
|  16|0x0000000781000000, 0x0000000781000000, 0x0000000781100000|  0%| F|  |TAMS 0x0000000781000000| PB 0x0000000781000000| Untracked 
|  17|0x0000000781100000, 0x0000000781100000, 0x0000000781200000|  0%| F|  |TAMS 0x0000000781100000| PB 0x0000000781100000| Untracked 
|  18|0x0000000781200000, 0x0000000781200000, 0x0000000781300000|  0%| F|  |TAMS 0x0000000781200000| PB 0x0000000781200000| Untracked 
|  19|0x0000000781300000, 0x0000000781300000, 0x0000000781400000|  0%| F|  |TAMS 0x0000000781300000| PB 0x0000000781300000| Untracked 
|  20|0x0000000781400000, 0x0000000781400000, 0x0000000781500000|  0%| F|  |TAMS 0x0000000781400000| PB 0x0000000781400000| Untracked 
|  21|0x0000000781500000, 0x0000000781500000, 0x0000000781600000|  0%| F|  |TAMS 0x0000000781500000| PB 0x0000000781500000| Untracked 
|  22|0x0000000781600000, 0x0000000781600000, 0x0000000781700000|  0%| F|  |TAMS 0x0000000781600000| PB 0x0000000781600000| Untracked 
|  23|0x0000000781700000, 0x0000000781700000, 0x0000000781800000|  0%| F|  |TAMS 0x0000000781700000| PB 0x0000000781700000| Untracked 
|  24|0x0000000781800000, 0x0000000781800000, 0x0000000781900000|  0%| F|  |TAMS 0x0000000781800000| PB 0x0000000781800000| Untracked 
|  25|0x0000000781900000, 0x0000000781900000, 0x0000000781a00000|  0%| F|  |TAMS 0x0000000781900000| PB 0x0000000781900000| Untracked 
|  26|0x0000000781a00000, 0x0000000781a00000, 0x0000000781b00000|  0%| F|  |TAMS 0x0000000781a00000| PB 0x0000000781a00000| Untracked 
|  27|0x0000000781b00000, 0x0000000781b00000, 0x0000000781c00000|  0%| F|  |TAMS 0x0000000781b00000| PB 0x0000000781b00000| Untracked 
|  28|0x0000000781c00000, 0x0000000781c00000, 0x0000000781d00000|  0%| F|  |TAMS 0x0000000781c00000| PB 0x0000000781c00000| Untracked 
|  29|0x0000000781d00000, 0x0000000781d00000, 0x0000000781e00000|  0%| F|  |TAMS 0x0000000781d00000| PB 0x0000000781d00000| Untracked 
|  30|0x0000000781e00000, 0x0000000781e00000, 0x0000000781f00000|  0%| F|  |TAMS 0x0000000781e00000| PB 0x0000000781e00000| Untracked 
|  31|0x0000000781f00000, 0x0000000781f00000, 0x0000000782000000|  0%| F|  |TAMS 0x0000000781f00000| PB 0x0000000781f00000| Untracked 
|  32|0x0000000782000000, 0x0000000782000000, 0x0000000782100000|  0%| F|  |TAMS 0x0000000782000000| PB 0x0000000782000000| Untracked 
|  33|0x0000000782100000, 0x0000000782100000, 0x0000000782200000|  0%| F|  |TAMS 0x0000000782100000| PB 0x0000000782100000| Untracked 
|  34|0x0000000782200000, 0x0000000782200000, 0x0000000782300000|  0%| F|  |TAMS 0x0000000782200000| PB 0x0000000782200000| Untracked 
|  35|0x0000000782300000, 0x0000000782300000, 0x0000000782400000|  0%| F|  |TAMS 0x0000000782300000| PB 0x0000000782300000| Untracked 
|  36|0x0000000782400000, 0x0000000782400000, 0x0000000782500000|  0%| F|  |TAMS 0x0000000782400000| PB 0x0000000782400000| Untracked 
|  37|0x0000000782500000, 0x0000000782500000, 0x0000000782600000|  0%| F|  |TAMS 0x0000000782500000| PB 0x0000000782500000| Untracked 
|  38|0x0000000782600000, 0x0000000782600000, 0x0000000782700000|  0%| F|  |TAMS 0x0000000782600000| PB 0x0000000782600000| Untracked 
|  39|0x0000000782700000, 0x0000000782700000, 0x0000000782800000|  0%| F|  |TAMS 0x0000000782700000| PB 0x0000000782700000| Untracked 
|  40|0x0000000782800000, 0x0000000782800000, 0x0000000782900000|  0%| F|  |TAMS 0x0000000782800000| PB 0x0000000782800000| Untracked 
|  41|0x0000000782900000, 0x0000000782900000, 0x0000000782a00000|  0%| F|  |TAMS 0x0000000782900000| PB 0x0000000782900000| Untracked 
|  42|0x0000000782a00000, 0x0000000782a00000, 0x0000000782b00000|  0%| F|  |TAMS 0x0000000782a00000| PB 0x0000000782a00000| Untracked 
|  43|0x0000000782b00000, 0x0000000782b00000, 0x0000000782c00000|  0%| F|  |TAMS 0x0000000782b00000| PB 0x0000000782b00000| Untracked 
|  44|0x0000000782c00000, 0x0000000782c00000, 0x0000000782d00000|  0%| F|  |TAMS 0x0000000782c00000| PB 0x0000000782c00000| Untracked 
|  45|0x0000000782d00000, 0x0000000782d00000, 0x0000000782e00000|  0%| F|  |TAMS 0x0000000782d00000| PB 0x0000000782d00000| Untracked 
|  46|0x0000000782e00000, 0x0000000782e00000, 0x0000000782f00000|  0%| F|  |TAMS 0x0000000782e00000| PB 0x0000000782e00000| Untracked 
|  47|0x0000000782f00000, 0x0000000782f00000, 0x0000000783000000|  0%| F|  |TAMS 0x0000000782f00000| PB 0x0000000782f00000| Untracked 
|  48|0x0000000783000000, 0x0000000783000000, 0x0000000783100000|  0%| F|  |TAMS 0x0000000783000000| PB 0x0000000783000000| Untracked 
|  49|0x0000000783100000, 0x0000000783100000, 0x0000000783200000|  0%| F|  |TAMS 0x0000000783100000| PB 0x0000000783100000| Untracked 
|  50|0x0000000783200000, 0x0000000783200000, 0x0000000783300000|  0%| F|  |TAMS 0x0000000783200000| PB 0x0000000783200000| Untracked 
|  51|0x0000000783300000, 0x0000000783300000, 0x0000000783400000|  0%| F|  |TAMS 0x0000000783300000| PB 0x0000000783300000| Untracked 
|  52|0x0000000783400000, 0x0000000783400000, 0x0000000783500000|  0%| F|  |TAMS 0x0000000783400000| PB 0x0000000783400000| Untracked 
|  53|0x0000000783500000, 0x0000000783500000, 0x0000000783600000|  0%| F|  |TAMS 0x0000000783500000| PB 0x0000000783500000| Untracked 
|  54|0x0000000783600000, 0x0000000783600000, 0x0000000783700000|  0%| F|  |TAMS 0x0000000783600000| PB 0x0000000783600000| Untracked 
|  55|0x0000000783700000, 0x0000000783700000, 0x0000000783800000|  0%| F|  |TAMS 0x0000000783700000| PB 0x0000000783700000| Untracked 
|  56|0x0000000783800000, 0x0000000783800000, 0x0000000783900000|  0%| F|  |TAMS 0x0000000783800000| PB 0x0000000783800000| Untracked 
|  57|0x0000000783900000, 0x0000000783900000, 0x0000000783a00000|  0%| F|  |TAMS 0x0000000783900000| PB 0x0000000783900000| Untracked 
|  58|0x0000000783a00000, 0x0000000783a00000, 0x0000000783b00000|  0%| F|  |TAMS 0x0000000783a00000| PB 0x0000000783a00000| Untracked 
|  59|0x0000000783b00000, 0x0000000783b00000, 0x0000000783c00000|  0%| F|  |TAMS 0x0000000783b00000| PB 0x0000000783b00000| Untracked 
|  60|0x0000000783c00000, 0x0000000783c00000, 0x0000000783d00000|  0%| F|  |TAMS 0x0000000783c00000| PB 0x0000000783c00000| Untracked 
|  61|0x0000000783d00000, 0x0000000783d00000, 0x0000000783e00000|  0%| F|  |TAMS 0x0000000783d00000| PB 0x0000000783d00000| Untracked 
|  62|0x0000000783e00000, 0x0000000783e00000, 0x0000000783f00000|  0%| F|  |TAMS 0x0000000783e00000| PB 0x0000000783e00000| Untracked 
|  63|0x0000000783f00000, 0x0000000783f00000, 0x0000000784000000|  0%| F|  |TAMS 0x0000000783f00000| PB 0x0000000783f00000| Untracked 
|  64|0x0000000784000000, 0x0000000784000000, 0x0000000784100000|  0%| F|  |TAMS 0x0000000784000000| PB 0x0000000784000000| Untracked 
|  65|0x0000000784100000, 0x0000000784100000, 0x0000000784200000|  0%| F|  |TAMS 0x0000000784100000| PB 0x0000000784100000| Untracked 
|  66|0x0000000784200000, 0x0000000784200000, 0x0000000784300000|  0%| F|  |TAMS 0x0000000784200000| PB 0x0000000784200000| Untracked 
|  67|0x0000000784300000, 0x0000000784300000, 0x0000000784400000|  0%| F|  |TAMS 0x0000000784300000| PB 0x0000000784300000| Untracked 
|  68|0x0000000784400000, 0x0000000784400000, 0x0000000784500000|  0%| F|  |TAMS 0x0000000784400000| PB 0x0000000784400000| Untracked 
|  69|0x0000000784500000, 0x0000000784500000, 0x0000000784600000|  0%| F|  |TAMS 0x0000000784500000| PB 0x0000000784500000| Untracked 
|  70|0x0000000784600000, 0x0000000784600000, 0x0000000784700000|  0%| F|  |TAMS 0x0000000784600000| PB 0x0000000784600000| Untracked 
|  71|0x0000000784700000, 0x0000000784700000, 0x0000000784800000|  0%| F|  |TAMS 0x0000000784700000| PB 0x0000000784700000| Untracked 
|  72|0x0000000784800000, 0x0000000784800000, 0x0000000784900000|  0%| F|  |TAMS 0x0000000784800000| PB 0x0000000784800000| Untracked 
|  73|0x0000000784900000, 0x0000000784900000, 0x0000000784a00000|  0%| F|  |TAMS 0x0000000784900000| PB 0x0000000784900000| Untracked 
|  74|0x0000000784a00000, 0x0000000784a00000, 0x0000000784b00000|  0%| F|  |TAMS 0x0000000784a00000| PB 0x0000000784a00000| Untracked 
|  75|0x0000000784b00000, 0x0000000784b00000, 0x0000000784c00000|  0%| F|  |TAMS 0x0000000784b00000| PB 0x0000000784b00000| Untracked 
|  76|0x0000000784c00000, 0x0000000784c00000, 0x0000000784d00000|  0%| F|  |TAMS 0x0000000784c00000| PB 0x0000000784c00000| Untracked 
|  77|0x0000000784d00000, 0x0000000784d00000, 0x0000000784e00000|  0%| F|  |TAMS 0x0000000784d00000| PB 0x0000000784d00000| Untracked 
|  78|0x0000000784e00000, 0x0000000784e00000, 0x0000000784f00000|  0%| F|  |TAMS 0x0000000784e00000| PB 0x0000000784e00000| Untracked 
|  79|0x0000000784f00000, 0x0000000784f00000, 0x0000000785000000|  0%| F|  |TAMS 0x0000000784f00000| PB 0x0000000784f00000| Untracked 
|  80|0x0000000785000000, 0x0000000785000000, 0x0000000785100000|  0%| F|  |TAMS 0x0000000785000000| PB 0x0000000785000000| Untracked 
|  81|0x0000000785100000, 0x0000000785100000, 0x0000000785200000|  0%| F|  |TAMS 0x0000000785100000| PB 0x0000000785100000| Untracked 
|  82|0x0000000785200000, 0x0000000785200000, 0x0000000785300000|  0%| F|  |TAMS 0x0000000785200000| PB 0x0000000785200000| Untracked 
|  83|0x0000000785300000, 0x0000000785300000, 0x0000000785400000|  0%| F|  |TAMS 0x0000000785300000| PB 0x0000000785300000| Untracked 
|  84|0x0000000785400000, 0x0000000785400000, 0x0000000785500000|  0%| F|  |TAMS 0x0000000785400000| PB 0x0000000785400000| Untracked 
|  85|0x0000000785500000, 0x0000000785500000, 0x0000000785600000|  0%| F|  |TAMS 0x0000000785500000| PB 0x0000000785500000| Untracked 
|  86|0x0000000785600000, 0x0000000785600000, 0x0000000785700000|  0%| F|  |TAMS 0x0000000785600000| PB 0x0000000785600000| Untracked 
|  87|0x0000000785700000, 0x0000000785700000, 0x0000000785800000|  0%| F|  |TAMS 0x0000000785700000| PB 0x0000000785700000| Untracked 
|  88|0x0000000785800000, 0x0000000785800000, 0x0000000785900000|  0%| F|  |TAMS 0x0000000785800000| PB 0x0000000785800000| Untracked 
|  89|0x0000000785900000, 0x0000000785900000, 0x0000000785a00000|  0%| F|  |TAMS 0x0000000785900000| PB 0x0000000785900000| Untracked 
|  90|0x0000000785a00000, 0x0000000785a00000, 0x0000000785b00000|  0%| F|  |TAMS 0x0000000785a00000| PB 0x0000000785a00000| Untracked 
|  91|0x0000000785b00000, 0x0000000785b00000, 0x0000000785c00000|  0%| F|  |TAMS 0x0000000785b00000| PB 0x0000000785b00000| Untracked 
|  92|0x0000000785c00000, 0x0000000785c00000, 0x0000000785d00000|  0%| F|  |TAMS 0x0000000785c00000| PB 0x0000000785c00000| Untracked 
|  93|0x0000000785d00000, 0x0000000785d00000, 0x0000000785e00000|  0%| F|  |TAMS 0x0000000785d00000| PB 0x0000000785d00000| Untracked 
|  94|0x0000000785e00000, 0x0000000785e00000, 0x0000000785f00000|  0%| F|  |TAMS 0x0000000785e00000| PB 0x0000000785e00000| Untracked 
|  95|0x0000000785f00000, 0x0000000785f00000, 0x0000000786000000|  0%| F|  |TAMS 0x0000000785f00000| PB 0x0000000785f00000| Untracked 
|  96|0x0000000786000000, 0x0000000786000000, 0x0000000786100000|  0%| F|  |TAMS 0x0000000786000000| PB 0x0000000786000000| Untracked 
|  97|0x0000000786100000, 0x0000000786100000, 0x0000000786200000|  0%| F|  |TAMS 0x0000000786100000| PB 0x0000000786100000| Untracked 
|  98|0x0000000786200000, 0x0000000786200000, 0x0000000786300000|  0%| F|  |TAMS 0x0000000786200000| PB 0x0000000786200000| Untracked 
|  99|0x0000000786300000, 0x0000000786300000, 0x0000000786400000|  0%| F|  |TAMS 0x0000000786300000| PB 0x0000000786300000| Untracked 
| 100|0x0000000786400000, 0x0000000786400000, 0x0000000786500000|  0%| F|  |TAMS 0x0000000786400000| PB 0x0000000786400000| Untracked 
| 101|0x0000000786500000, 0x0000000786500000, 0x0000000786600000|  0%| F|  |TAMS 0x0000000786500000| PB 0x0000000786500000| Untracked 
| 102|0x0000000786600000, 0x0000000786600000, 0x0000000786700000|  0%| F|  |TAMS 0x0000000786600000| PB 0x0000000786600000| Untracked 
| 103|0x0000000786700000, 0x0000000786700000, 0x0000000786800000|  0%| F|  |TAMS 0x0000000786700000| PB 0x0000000786700000| Untracked 
| 104|0x0000000786800000, 0x0000000786800000, 0x0000000786900000|  0%| F|  |TAMS 0x0000000786800000| PB 0x0000000786800000| Untracked 
| 105|0x0000000786900000, 0x0000000786900000, 0x0000000786a00000|  0%| F|  |TAMS 0x0000000786900000| PB 0x0000000786900000| Untracked 
| 106|0x0000000786a00000, 0x0000000786a00000, 0x0000000786b00000|  0%| F|  |TAMS 0x0000000786a00000| PB 0x0000000786a00000| Untracked 
| 107|0x0000000786b00000, 0x0000000786b00000, 0x0000000786c00000|  0%| F|  |TAMS 0x0000000786b00000| PB 0x0000000786b00000| Untracked 
| 108|0x0000000786c00000, 0x0000000786c00000, 0x0000000786d00000|  0%| F|  |TAMS 0x0000000786c00000| PB 0x0000000786c00000| Untracked 
| 109|0x0000000786d00000, 0x0000000786d00000, 0x0000000786e00000|  0%| F|  |TAMS 0x0000000786d00000| PB 0x0000000786d00000| Untracked 
| 110|0x0000000786e00000, 0x0000000786e00000, 0x0000000786f00000|  0%| F|  |TAMS 0x0000000786e00000| PB 0x0000000786e00000| Untracked 
| 111|0x0000000786f00000, 0x0000000786f00000, 0x0000000787000000|  0%| F|  |TAMS 0x0000000786f00000| PB 0x0000000786f00000| Untracked 
| 112|0x0000000787000000, 0x000000078709c210, 0x0000000787100000| 60%| S|  |TAMS 0x0000000787000000| PB 0x0000000787000000| Complete 
| 113|0x0000000787100000, 0x0000000787200000, 0x0000000787200000|100%| E|CS|TAMS 0x0000000787100000| PB 0x0000000787100000| Complete 
| 114|0x0000000787200000, 0x0000000787300000, 0x0000000787300000|100%| E|CS|TAMS 0x0000000787200000| PB 0x0000000787200000| Complete 
| 115|0x0000000787300000, 0x0000000787400000, 0x0000000787400000|100%| S|  |TAMS 0x0000000787300000| PB 0x0000000787300000| Complete 
| 116|0x0000000787400000, 0x0000000787500000, 0x0000000787500000|100%| E|CS|TAMS 0x0000000787400000| PB 0x0000000787400000| Complete 
| 117|0x0000000787500000, 0x0000000787600000, 0x0000000787600000|100%| E|CS|TAMS 0x0000000787500000| PB 0x0000000787500000| Complete 
| 118|0x0000000787600000, 0x0000000787700000, 0x0000000787700000|100%| E|CS|TAMS 0x0000000787600000| PB 0x0000000787600000| Complete 
| 119|0x0000000787700000, 0x0000000787800000, 0x0000000787800000|100%| E|CS|TAMS 0x0000000787700000| PB 0x0000000787700000| Complete 
| 120|0x0000000787800000, 0x0000000787900000, 0x0000000787900000|100%| E|CS|TAMS 0x0000000787800000| PB 0x0000000787800000| Complete 
| 121|0x0000000787900000, 0x0000000787a00000, 0x0000000787a00000|100%| E|CS|TAMS 0x0000000787900000| PB 0x0000000787900000| Complete 
| 122|0x0000000787a00000, 0x0000000787b00000, 0x0000000787b00000|100%| E|CS|TAMS 0x0000000787a00000| PB 0x0000000787a00000| Complete 
| 123|0x0000000787b00000, 0x0000000787c00000, 0x0000000787c00000|100%| E|CS|TAMS 0x0000000787b00000| PB 0x0000000787b00000| Complete 
| 124|0x0000000787c00000, 0x0000000787d00000, 0x0000000787d00000|100%| E|CS|TAMS 0x0000000787c00000| PB 0x0000000787c00000| Complete 
| 125|0x0000000787d00000, 0x0000000787e00000, 0x0000000787e00000|100%| E|CS|TAMS 0x0000000787d00000| PB 0x0000000787d00000| Complete 
| 126|0x0000000787e00000, 0x0000000787f00000, 0x0000000787f00000|100%| E|CS|TAMS 0x0000000787e00000| PB 0x0000000787e00000| Complete 
| 127|0x0000000787f00000, 0x0000000788000000, 0x0000000788000000|100%| E|CS|TAMS 0x0000000787f00000| PB 0x0000000787f00000| Complete 
|2046|0x00000007ffe00000, 0x00000007fff00000, 0x00000007fff00000|100%| O|  |TAMS 0x00000007ffe00000| PB 0x00000007ffe00000| Untracked 
|2047|0x00000007fff00000, 0x00000007fff033c0, 0x0000000800000000|  1%| O|  |TAMS 0x00000007fff00000| PB 0x00000007fff00000| Untracked 

Card table byte_map: [0x00000001102eb000,0x00000001106eb000] _byte_map_base: 0x000000010c6eb000

Marking Bits: (CMBitMap*) 0x00007fc1db80d010
 Bits: [0x000000011dfca000, 0x000000011ffca000)

Polling page: 0x000000010fd8d000

Metaspace:

Usage:
  Non-class:      7.76 MB used.
      Class:      1.09 MB used.
       Both:      8.85 MB used.

Virtual space:
  Non-class space:       64.00 MB reserved,       7.88 MB ( 12%) committed,  1 nodes.
      Class space:        1.00 GB reserved,       1.19 MB ( <1%) committed,  1 nodes.
             Both:        1.06 GB reserved,       9.06 MB ( <1%) committed. 

Chunk freelists:
   Non-Class:  8.00 MB
       Class:  14.83 MB
        Both:  22.83 MB

MaxMetaspaceSize: unlimited
CompressedClassSpaceSize: 1.00 GB
Initial GC threshold: 21.00 MB
Current GC threshold: 21.00 MB
CDS: on
 - commit_granule_bytes: 65536.
 - commit_granule_words: 8192.
 - virtual_space_node_default_size: 8388608.
 - enlarge_chunks_in_place: 1.
 - use_allocation_guard: 0.


Internal statistics:

num_allocs_failed_limit: 0.
num_arena_births: 192.
num_arena_deaths: 0.
num_vsnodes_births: 2.
num_vsnodes_deaths: 0.
num_space_committed: 145.
num_space_uncommitted: 0.
num_chunks_returned_to_freelist: 0.
num_chunks_taken_from_freelist: 343.
num_chunk_merges: 0.
num_chunk_splits: 225.
num_chunks_enlarged: 155.
num_inconsistent_stats: 0.

CodeCache: size=49152Kb used=3432Kb max_used=3649Kb free=45719Kb
 bounds [0x0000000112297000, 0x0000000112637000, 0x0000000115297000]
 total_blobs=1958 nmethods=1478 adapters=406
 compilation: enabled
              stopped_count=0, restarted_count=0
 full_count=0

Compilation events (20 events):
Event: 6.773 Thread 0x00007fc1dc839200 1468       1       org.springframework.core.ResolvableType::resolveClass (74 bytes)
Event: 6.773 Thread 0x00007fc1dc839200 nmethod 1468 0x000000011240c510 code [0x000000011240c700, 0x000000011240ca20]
Event: 6.774 Thread 0x00007fc1dc839200 1469       1       org.springframework.core.ResolvableType::hashCode (22 bytes)
Event: 6.774 Thread 0x00007fc1dc839200 nmethod 1469 0x000000011240c190 code [0x000000011240c320, 0x000000011240c420]
Event: 6.775 Thread 0x00007fc1dc839200 1470       1       org.springframework.util.ObjectUtils::nullSafeHashCode (174 bytes)
Event: 6.776 Thread 0x00007fc1dc839200 nmethod 1470 0x000000011240b390 code [0x000000011240b640, 0x000000011240bee0]
Event: 6.777 Thread 0x00007fc1dc839200 1471       1       java.lang.invoke.VarHandleGuards::guard_LL_V (123 bytes)
Event: 6.780 Thread 0x00007fc1dc839200 nmethod 1471 0x0000000112409610 code [0x0000000112409920, 0x000000011240a840]
Event: 6.780 Thread 0x00007fc1dc839200 1475       1       org.springframework.util.ConcurrentReferenceHashMap$Segment::findInChain (66 bytes)
Event: 6.781 Thread 0x00007fc1dc839200 nmethod 1475 0x0000000112408f90 code [0x0000000112409140, 0x0000000112409400]
Event: 6.781 Thread 0x00007fc1dc839200 1472       1       java.lang.invoke.VarHandleReferences$FieldInstanceReadWrite::set (35 bytes)
Event: 6.782 Thread 0x00007fc1dc839200 nmethod 1472 0x0000000112408710 code [0x0000000112408900, 0x0000000112408d30]
Event: 6.782 Thread 0x00007fc1dc839200 1474       1       org.springframework.util.ConcurrentReferenceHashMap$Segment::getIndex (7 bytes)
Event: 6.782 Thread 0x00007fc1dc839200 nmethod 1474 0x0000000112408410 code [0x00000001124085a0, 0x0000000112408668]
Event: 6.782 Thread 0x00007fc1dc839200 1473       1       java.util.concurrent.ConcurrentLinkedDeque$Node::<init> (5 bytes)
Event: 6.782 Thread 0x00007fc1dc839200 nmethod 1473 0x0000000112408110 code [0x00000001124082a0, 0x0000000112408360]
Event: 6.782 Thread 0x00007fc1dc839200 1477       1       org.springframework.core.ResolvableType$DefaultVariableResolver::getSource (5 bytes)
Event: 6.782 Thread 0x00007fc1dc839200 nmethod 1477 0x0000000112407e10 code [0x0000000112407fa0, 0x0000000112408068]
Event: 6.782 Thread 0x00007fc1dc839200 1478       1       sun.reflect.generics.reflectiveObjects.ParameterizedTypeImpl::getRawType (5 bytes)
Event: 6.782 Thread 0x00007fc1dc839200 nmethod 1478 0x0000000112407b10 code [0x0000000112407ca0, 0x0000000112407d68]

GC Heap History (3 events):
Event: 2.840 GC heap before
{Heap before GC invocations=0 (full 0):
 garbage-first heap   total 133120K, used 13324K [0x0000000780000000, 0x0000000800000000)
  region size 1024K, 13 young (13312K), 0 survivors (0K)
 Metaspace       used 4532K, committed 4736K, reserved 1114112K
  class space    used 529K, committed 640K, reserved 1048576K
}
Event: 2.849 GC heap after
{Heap after GC invocations=1 (full 0):
 garbage-first heap   total 133120K, used 6552K [0x0000000780000000, 0x0000000800000000)
  region size 1024K, 2 young (2048K), 2 survivors (2048K)
 Metaspace       used 4532K, committed 4736K, reserved 1114112K
  class space    used 529K, committed 640K, reserved 1048576K
}
Event: 6.794 GC heap before
{Heap before GC invocations=1 (full 0):
 garbage-first heap   total 133120K, used 18840K [0x0000000780000000, 0x0000000800000000)
  region size 1024K, 14 young (14336K), 2 survivors (2048K)
 Metaspace       used 9066K, committed 9280K, reserved 1114112K
  class space    used 1116K, committed 1216K, reserved 1048576K
}

Dll operation events (10 events):
Event: 0.018 Loaded shared library /Users/macintosh/Library/Java/JavaVirtualMachines/openjdk-21.0.2/Contents/Home/lib/libjava.dylib
Event: 0.185 Loaded shared library /Users/macintosh/Library/Java/JavaVirtualMachines/openjdk-21.0.2/Contents/Home/lib/libzip.dylib
Event: 0.189 Loaded shared library /Users/macintosh/Library/Java/JavaVirtualMachines/openjdk-21.0.2/Contents/Home/lib/libinstrument.dylib
Event: 0.203 Loaded shared library /Users/macintosh/Library/Java/JavaVirtualMachines/openjdk-21.0.2/Contents/Home/lib/libnio.dylib
Event: 0.208 Loaded shared library /Users/macintosh/Library/Java/JavaVirtualMachines/openjdk-21.0.2/Contents/Home/lib/libzip.dylib
Event: 0.427 Loaded shared library /Users/macintosh/Library/Java/JavaVirtualMachines/openjdk-21.0.2/Contents/Home/lib/libnet.dylib
Event: 0.438 Loaded shared library /Users/macintosh/Library/Java/JavaVirtualMachines/openjdk-21.0.2/Contents/Home/lib/libjimage.dylib
Event: 0.443 Loaded shared library /Users/macintosh/Library/Java/JavaVirtualMachines/openjdk-21.0.2/Contents/Home/lib/libextnet.dylib
Event: 0.488 Loaded shared library /Users/macintosh/Library/Java/JavaVirtualMachines/openjdk-21.0.2/Contents/Home/lib/libmanagement.dylib
Event: 0.526 Loaded shared library /Users/macintosh/Library/Java/JavaVirtualMachines/openjdk-21.0.2/Contents/Home/lib/libmanagement_ext.dylib

Deoptimization events (0 events):
No events

Classes loaded (20 events):
Event: 6.763 Loading class java/time/DateTimeException done
Event: 6.763 Loading class java/time/format/DateTimeParseException done
Event: 6.765 Loading class java/time/OffsetTime
Event: 6.765 Loading class java/time/OffsetTime done
Event: 6.770 Loading class java/time/Year
Event: 6.770 Loading class java/time/Year done
Event: 6.771 Loading class java/time/Month
Event: 6.771 Loading class java/time/Month done
Event: 6.773 Loading class java/time/YearMonth
Event: 6.773 Loading class java/time/YearMonth done
Event: 6.774 Loading class java/time/MonthDay
Event: 6.775 Loading class java/time/MonthDay done
Event: 6.780 Loading class sun/reflect/generics/tree/CharSignature
Event: 6.780 Loading class sun/reflect/generics/tree/CharSignature done
Event: 6.780 Loading class sun/reflect/generics/tree/ArrayTypeSignature
Event: 6.780 Loading class sun/reflect/generics/tree/ArrayTypeSignature done
Event: 6.782 Loading class java/net/UnknownHostException
Event: 6.782 Loading class java/net/UnknownHostException done
Event: 6.793 Loading class sun/reflect/generics/tree/ByteSignature
Event: 6.793 Loading class sun/reflect/generics/tree/ByteSignature done

Classes unloaded (0 events):
No events

Classes redefined (0 events):
No events

Internal exceptions (20 events):
Event: 1.079 Thread 0x00007fc1dc80b800 Exception <a 'java/lang/NoSuchMethodError'{0x00000007874af488}: 'int java.lang.invoke.DirectMethodHandle$Holder.invokeSpecialIFC(java.lang.Object, java.lang.Object, java.lang.Object)'> (0x00000007874af488) 
thrown [open/src/hotspot/share/interpreter/linkResolver.cpp, line 773]
Event: 2.869 Thread 0x00007fc1dd92a200 Exception <a 'java/lang/NoSuchMethodError'{0x0000000787fa4728}: 'java.lang.Object java.lang.invoke.Invokers$Holder.invokeExact_MT(java.lang.Object, java.lang.Object, java.lang.Object, java.lang.Object, java.lang.Object, java.lang.Object)'> (0x0000000787fa4728) 
thrown [open/src/hotspot/share/interpreter/linkResolver.cpp, line 773]
Event: 6.271 Thread 0x00007fc1dc80b800 Exception <a 'java/lang/ClassNotFoundException'{0x0000000787fc12f8}: javax/management/remote/rmi/RMIServerImpl_Skel> (0x0000000787fc12f8) 
thrown [open/src/hotspot/share/classfile/systemDictionary.cpp, line 312]
Event: 6.283 Thread 0x00007fc1dc80b800 Exception <a 'java/lang/NoSuchMethodError'{0x0000000787fdc460}: 'long java.lang.invoke.DirectMethodHandle$Holder.invokeSpecial(java.lang.Object, java.lang.Object)'> (0x0000000787fdc460) 
thrown [open/src/hotspot/share/interpreter/linkResolver.cpp, line 773]
Event: 6.283 Thread 0x00007fc1dc80b800 Exception <a 'java/lang/NoSuchMethodError'{0x0000000787fdfb28}: 'long java.lang.invoke.Invokers$Holder.invokeExact_MT(java.lang.Object, java.lang.Object)'> (0x0000000787fdfb28) 
thrown [open/src/hotspot/share/interpreter/linkResolver.cpp, line 773]
Event: 6.291 Thread 0x00007fc1dc80b800 Exception <a 'java/lang/NoSuchMethodError'{0x0000000787e15aa0}: 'void java.lang.invoke.DirectMethodHandle$Holder.invokeSpecial(java.lang.Object, java.lang.Object, java.lang.Object)'> (0x0000000787e15aa0) 
thrown [open/src/hotspot/share/interpreter/linkResolver.cpp, line 773]
Event: 6.406 Thread 0x00007fc1dc80b800 Exception <a 'java/lang/ClassNotFoundException'{0x0000000787dcd8a8}: javax/smartcardio/CardPermission> (0x0000000787dcd8a8) 
thrown [open/src/hotspot/share/classfile/systemDictionary.cpp, line 312]
Event: 6.409 Thread 0x00007fc1dc80b800 Exception <a 'java/io/FileNotFoundException'{0x0000000787ddb2e8}> (0x0000000787ddb2e8) 
thrown [open/src/hotspot/share/prims/jni.cpp, line 520]
Event: 6.428 Thread 0x00007fc1dc80b800 Exception <a 'java/lang/NoSuchMethodError'{0x0000000787c4b670}: 'java.lang.Object java.lang.invoke.DirectMethodHandle$Holder.invokeSpecial(java.lang.Object, java.lang.Object, java.lang.Object, long, java.lang.Object)'> (0x0000000787c4b670) 
thrown [open/src/hotspot/share/interpreter/linkResolver.cpp, line 773]
Event: 6.428 Thread 0x00007fc1dc80b800 Exception <a 'java/lang/NoSuchMethodError'{0x0000000787c4efc0}: 'java.lang.Object java.lang.invoke.Invokers$Holder.linkToTargetMethod(java.lang.Object, long, java.lang.Object, java.lang.Object)'> (0x0000000787c4efc0) 
thrown [open/src/hotspot/share/interpreter/linkResolver.cpp, line 773]
Event: 6.487 Thread 0x00007fc1dc80b800 Exception <a 'java/lang/NoSuchMethodError'{0x0000000787b932f8}: 'void java.lang.invoke.DirectMethodHandle$Holder.invokeStatic(java.lang.Object, java.lang.Object, java.lang.Object, java.lang.Object)'> (0x0000000787b932f8) 
thrown [open/src/hotspot/share/interpreter/linkResolver.cpp, line 773]
Event: 6.522 Thread 0x00007fc1dc80b800 Exception <a 'java/lang/NoSuchMethodError'{0x0000000787a83968}: 'int java.lang.invoke.DirectMethodHandle$Holder.invokeStaticInit(java.lang.Object, java.lang.Object)'> (0x0000000787a83968) 
thrown [open/src/hotspot/share/interpreter/linkResolver.cpp, line 773]
Event: 6.535 Thread 0x00007fc1dc80b800 Exception <a 'java/lang/NoSuchMethodError'{0x0000000787abdaa0}: 'void java.lang.invoke.DirectMethodHandle$Holder.invokeInterface(java.lang.Object, java.lang.Object, java.lang.Object, java.lang.Object)'> (0x0000000787abdaa0) 
thrown [open/src/hotspot/share/interpreter/linkResolver.cpp, line 773]
Event: 6.594 Thread 0x00007fc1dc80b800 Exception <a 'java/lang/NoSuchMethodError'{0x00000007878296e8}: 'java.lang.Object java.lang.invoke.DirectMethodHandle$Holder.invokeInterface(java.lang.Object, java.lang.Object)'> (0x00000007878296e8) 
thrown [open/src/hotspot/share/interpreter/linkResolver.cpp, line 773]
Event: 6.604 Thread 0x00007fc1dc80b800 Exception <a 'java/lang/NoSuchMethodError'{0x0000000787871748}: 'java.lang.Object java.lang.invoke.DirectMethodHandle$Holder.invokeSpecialIFC(java.lang.Object, java.lang.Object, java.lang.Object, java.lang.Object)'> (0x0000000787871748) 
thrown [open/src/hotspot/share/interpreter/linkResolver.cpp, line 773]
Event: 6.607 Thread 0x00007fc1dc80b800 Exception <a 'java/lang/NoSuchMethodError'{0x0000000787889cd0}: 'java.lang.Object java.lang.invoke.DirectMethodHandle$Holder.invokeInterface(java.lang.Object, java.lang.Object, java.lang.Object)'> (0x0000000787889cd0) 
thrown [open/src/hotspot/share/interpreter/linkResolver.cpp, line 773]
Event: 6.633 Thread 0x00007fc1dc80b800 Exception <a 'java/lang/NoSuchMethodError'{0x000000078774bbd0}: 'int java.lang.invoke.DirectMethodHandle$Holder.invokeStaticInit(java.lang.Object, java.lang.Object, java.lang.Object)'> (0x000000078774bbd0) 
thrown [open/src/hotspot/share/interpreter/linkResolver.cpp, line 773]
Event: 6.642 Thread 0x00007fc1dc80b800 Exception <a 'java/lang/NoSuchMethodError'{0x000000078779eef0}: 'java.lang.Object java.lang.invoke.DirectMethodHandle$Holder.newInvokeSpecial(java.lang.Object, java.lang.Object, java.lang.Object, java.lang.Object, java.lang.Object)'> (0x000000078779eef0) 
thrown [open/src/hotspot/share/interpreter/linkResolver.cpp, line 773]
Event: 6.668 Thread 0x00007fc1dc80b800 Exception <a 'java/lang/IncompatibleClassChangeError'{0x000000078764c628}: Found class java.lang.Object, but interface was expected> (0x000000078764c628) 
thrown [open/src/hotspot/share/interpreter/linkResolver.cpp, line 840]
Event: 6.690 Thread 0x00007fc1dc80b800 Exception <a 'sun/nio/fs/UnixException'{0x00000007876ba2a8}> (0x00000007876ba2a8) 
thrown [open/src/hotspot/share/prims/jni.cpp, line 520]

ZGC Phase Switch (0 events):
No events

VM Operations (20 events):
Event: 0.550 Executing VM operation: HandshakeAllThreads (Deoptimize) done
Event: 1.148 Executing VM operation: HandshakeAllThreads (Deoptimize)
Event: 1.148 Executing VM operation: HandshakeAllThreads (Deoptimize) done
Event: 1.148 Executing VM operation: Cleanup
Event: 1.148 Executing VM operation: Cleanup done
Event: 2.151 Executing VM operation: Cleanup
Event: 2.151 Executing VM operation: Cleanup done
Event: 2.840 Executing VM operation: G1CollectForAllocation (G1 Evacuation Pause)
Event: 2.849 Executing VM operation: G1CollectForAllocation (G1 Evacuation Pause) done
Event: 3.854 Executing VM operation: Cleanup
Event: 3.854 Executing VM operation: Cleanup done
Event: 6.270 Executing VM operation: HandshakeAllThreads (Deoptimize)
Event: 6.270 Executing VM operation: HandshakeAllThreads (Deoptimize) done
Event: 6.295 Executing VM operation: HandshakeAllThreads (Deoptimize)
Event: 6.295 Executing VM operation: HandshakeAllThreads (Deoptimize) done
Event: 6.295 Executing VM operation: Cleanup
Event: 6.295 Executing VM operation: Cleanup done
Event: 6.363 Executing VM operation: HandshakeAllThreads (Deoptimize)
Event: 6.363 Executing VM operation: HandshakeAllThreads (Deoptimize) done
Event: 6.794 Executing VM operation: G1CollectForAllocation (G1 Evacuation Pause)

Events (20 events):
Event: 0.063 Thread 0x00007fc1dc839200 Thread added: 0x00007fc1dc839200
Event: 0.063 Protecting memory [0x0000700008ecf000,0x0000700008ed3000] with protection modes 0
Event: 0.112 Thread 0x00007fc1dc019800 Thread added: 0x00007fc1dc019800
Event: 0.112 Protecting memory [0x0000700008fd2000,0x0000700008fd6000] with protection modes 0
Event: 0.130 Thread 0x00007fc1dc819600 Thread added: 0x00007fc1dc819600
Event: 0.130 Protecting memory [0x00007000090d5000,0x00007000090d9000] with protection modes 0
Event: 0.423 Thread 0x00007fc1dc196e00 Thread added: 0x00007fc1dc196e00
Event: 0.423 Protecting memory [0x00007000091d8000,0x00007000091dc000] with protection modes 0
Event: 0.423 Thread 0x00007fc1db83fa00 Thread added: 0x00007fc1db83fa00
Event: 0.423 Protecting memory [0x00007000092db000,0x00007000092df000] with protection modes 0
Event: 0.953 Thread 0x00007fc1dd929a00 Thread added: 0x00007fc1dd929a00
Event: 0.953 Protecting memory [0x00007000093de000,0x00007000093e2000] with protection modes 0
Event: 2.704 Thread 0x00007fc1dd92a200 Thread added: 0x00007fc1dd92a200
Event: 2.704 Protecting memory [0x00007000094e1000,0x00007000094e5000] with protection modes 0
Event: 2.809 Protecting memory [0x00007000093de000,0x00007000093e2000] with protection modes 3
Event: 2.809 Thread 0x00007fc1dd929a00 Thread exited: 0x00007fc1dd929a00
Event: 6.264 Protecting memory [0x00007000090d5000,0x00007000090d9000] with protection modes 3
Event: 6.264 Thread 0x00007fc1dc819600 Thread exited: 0x00007fc1dc819600
Event: 6.279 Thread 0x00007fc1dd966800 Thread added: 0x00007fc1dd966800
Event: 6.279 Protecting memory [0x00007000090d5000,0x00007000090d9000] with protection modes 0


Dynamic libraries:
0x000000010fd8f000 	/Users/macintosh/Library/Java/JavaVirtualMachines/openjdk-21.0.2/Contents/Home/lib/libjli.dylib
0x00007ff80dbfa000 	/usr/lib/libz.1.dylib
0x00007ff80dcda000 	/usr/lib/libSystem.B.dylib
0x00007ff80dcd5000 	/usr/lib/system/libcache.dylib
0x00007ff80dc91000 	/usr/lib/system/libcommonCrypto.dylib
0x00007ff80dcba000 	/usr/lib/system/libcompiler_rt.dylib
0x00007ff80dcb0000 	/usr/lib/system/libcopyfile.dylib
0x00007ff802c6a000 	/usr/lib/system/libcorecrypto.dylib
0x00007ff802d28000 	/usr/lib/system/libdispatch.dylib
0x00007ff802ee8000 	/usr/lib/system/libdyld.dylib
0x00007ff80dccc000 	/usr/lib/system/libkeymgr.dylib
0x00007ff80dc6f000 	/usr/lib/system/libmacho.dylib
0x00007ff80d2f0000 	/usr/lib/system/libquarantine.dylib
0x00007ff80dcca000 	/usr/lib/system/libremovefile.dylib
0x00007ff807e7c000 	/usr/lib/system/libsystem_asl.dylib
0x00007ff802c13000 	/usr/lib/system/libsystem_blocks.dylib
0x00007ff802dac000 	/usr/lib/system/libsystem_c.dylib
0x00007ff80dcc2000 	/usr/lib/system/libsystem_collections.dylib
0x00007ff80c5a4000 	/usr/lib/system/libsystem_configuration.dylib
0x00007ff80b84e000 	/usr/lib/system/libsystem_containermanager.dylib
0x00007ff80d9a7000 	/usr/lib/system/libsystem_coreservices.dylib
0x00007ff80551f000 	/usr/lib/system/libsystem_darwin.dylib
0x00007ff80dccd000 	/usr/lib/system/libsystem_dnssd.dylib
0x00007ff802da9000 	/usr/lib/system/libsystem_featureflags.dylib
0x00007ff802efe000 	/usr/lib/system/libsystem_info.dylib
0x00007ff80dc0d000 	/usr/lib/system/libsystem_m.dylib
0x00007ff802cfc000 	/usr/lib/system/libsystem_malloc.dylib
0x00007ff807e17000 	/usr/lib/system/libsystem_networkextension.dylib
0x00007ff805945000 	/usr/lib/system/libsystem_notify.dylib
0x00007ff813f4e000 	/usr/lib/system/libsystem_product_info_filter.dylib
0x00007ff80c5a8000 	/usr/lib/system/libsystem_sandbox.dylib
0x00007ff80dcc7000 	/usr/lib/system/libsystem_secinit.dylib
0x00007ff802ea4000 	/usr/lib/system/libsystem_kernel.dylib
0x00007ff802ef4000 	/usr/lib/system/libsystem_platform.dylib
0x00007ff802edc000 	/usr/lib/system/libsystem_pthread.dylib
0x00007ff8096ca000 	/usr/lib/system/libsystem_symptoms.dylib
0x00007ff802c51000 	/usr/lib/system/libsystem_trace.dylib
0x00007ff80dc9d000 	/usr/lib/system/libunwind.dylib
0x00007ff802c15000 	/usr/lib/system/libxpc.dylib
0x00007ff802e8e000 	/usr/lib/libc++abi.dylib
0x00007ff802d6f000 	/usr/lib/libobjc.A.dylib
0x00007ff80dca8000 	/usr/lib/liboah.dylib
0x00007ff802e35000 	/usr/lib/libc++.1.dylib
0x00007ff819d5b000 	/System/Library/Frameworks/Cocoa.framework/Versions/A/Cocoa
0x00007ff8059a3000 	/System/Library/Frameworks/AppKit.framework/Versions/C/AppKit
0x00007ff808eb8000 	/System/Library/Frameworks/CoreData.framework/Versions/A/CoreData
0x00007ff803da6000 	/System/Library/Frameworks/Foundation.framework/Versions/C/Foundation
0x00007ff806833000 	/System/Library/PrivateFrameworks/UIFoundation.framework/Versions/A/UIFoundation
0x00007ff813c51000 	/System/Library/PrivateFrameworks/RemoteViewServices.framework/Versions/A/RemoteViewServices
0x00007ff80bf2e000 	/System/Library/PrivateFrameworks/XCTTargetBootstrap.framework/Versions/A/XCTTargetBootstrap
0x00007ff80fae7000 	/System/Library/PrivateFrameworks/InternationalSupport.framework/Versions/A/InternationalSupport
0x00007ff80fb71000 	/System/Library/PrivateFrameworks/UserActivity.framework/Versions/A/UserActivity
0x00007ff80eec3000 	/usr/lib/libspindump.dylib
0x00007ff806ac2000 	/System/Library/Frameworks/UniformTypeIdentifiers.framework/Versions/A/UniformTypeIdentifiers
0x00007ff80a653000 	/usr/lib/libapp_launch_measurement.dylib
0x00007ff80988a000 	/System/Library/PrivateFrameworks/CoreAnalytics.framework/Versions/A/CoreAnalytics
0x00007ff80a656000 	/System/Library/PrivateFrameworks/CoreAutoLayout.framework/Versions/A/CoreAutoLayout
0x00007ff80b886000 	/System/Library/Frameworks/Metal.framework/Versions/A/Metal
0x00007ff80c5b4000 	/usr/lib/liblangid.dylib
0x00007ff80bf33000 	/System/Library/PrivateFrameworks/CoreSVG.framework/Versions/A/CoreSVG
0x00007ff807eac000 	/System/Library/PrivateFrameworks/SkyLight.framework/Versions/A/SkyLight
0x00007ff80824b000 	/System/Library/Frameworks/CoreGraphics.framework/Versions/A/CoreGraphics
0x00007ff814311000 	/System/Library/Frameworks/Accelerate.framework/Versions/A/Accelerate
0x00007ff80e942000 	/System/Library/PrivateFrameworks/IconServices.framework/Versions/A/IconServices
0x00007ff80b86b000 	/System/Library/Frameworks/IOSurface.framework/Versions/A/IOSurface
0x00007ff8098b8000 	/usr/lib/libDiagnosticMessagesClient.dylib
0x00007ff8179ff000 	/System/Library/Frameworks/ApplicationServices.framework/Versions/A/ApplicationServices
0x00007ff80bf1a000 	/System/Library/PrivateFrameworks/DFRFoundation.framework/Versions/A/DFRFoundation
0x00007ff80528b000 	/usr/lib/libicucore.A.dylib
0x00007ff8108dd000 	/System/Library/Frameworks/AudioToolbox.framework/Versions/A/AudioToolbox
0x00007ff80faf3000 	/System/Library/PrivateFrameworks/DataDetectorsCore.framework/Versions/A/DataDetectorsCore
0x00007ff90bff4000 	/System/Library/PrivateFrameworks/TextInput.framework/Versions/A/TextInput
0x00007ff807e2f000 	/usr/lib/libMobileGestalt.dylib
0x00007ff80bc26000 	/System/Library/Frameworks/Carbon.framework/Versions/A/Frameworks/HIToolbox.framework/Versions/A/HIToolbox
0x00007ff80a055000 	/System/Library/Frameworks/QuartzCore.framework/Versions/A/QuartzCore
0x00007ff804f30000 	/System/Library/Frameworks/Security.framework/Versions/A/Security
0x00007ff813c89000 	/System/Library/Frameworks/Carbon.framework/Versions/A/Frameworks/SpeechRecognition.framework/Versions/A/SpeechRecognition
0x00007ff80a3b3000 	/System/Library/PrivateFrameworks/CoreUI.framework/Versions/A/CoreUI
0x00007ff8047fa000 	/System/Library/Frameworks/CoreAudio.framework/Versions/A/CoreAudio
0x00007ff8099a7000 	/System/Library/Frameworks/DiskArbitration.framework/Versions/A/DiskArbitration
0x00007ff80f2b3000 	/System/Library/PrivateFrameworks/MultitouchSupport.framework/Versions/A/MultitouchSupport
0x00007ff807e2e000 	/usr/lib/libenergytrace.dylib
0x00007ff80588f000 	/System/Library/Frameworks/IOKit.framework/Versions/A/IOKit
0x00007ff814079000 	/System/Library/Frameworks/CoreServices.framework/Versions/A/CoreServices
0x00007ff80a5ed000 	/System/Library/PrivateFrameworks/PerformanceAnalysis.framework/Versions/A/PerformanceAnalysis
0x00007ffa1bccc000 	/System/Library/Frameworks/OpenGL.framework/Versions/A/OpenGL
0x00007ff80d216000 	/System/Library/PrivateFrameworks/MobileKeyBag.framework/Versions/A/MobileKeyBag
0x00007ff808917000 	/System/Library/Frameworks/ColorSync.framework/Versions/A/ColorSync
0x00007ff802f29000 	/System/Library/Frameworks/CoreFoundation.framework/Versions/A/CoreFoundation
0x00007ff80c1aa000 	/System/Library/Frameworks/CoreImage.framework/Versions/A/CoreImage
0x00007ff80460e000 	/System/Library/Frameworks/CoreText.framework/Versions/A/CoreText
0x00007ff80bf63000 	/System/Library/Frameworks/ImageIO.framework/Versions/A/ImageIO
0x00007ff80dce0000 	/System/Library/PrivateFrameworks/SoftLinking.framework/Versions/A/SoftLinking
0x00007ff80a69e000 	/usr/lib/libxml2.2.dylib
0x00007ff80df65000 	/usr/lib/libcompression.dylib
0x00007ff80fa1a000 	/System/Library/PrivateFrameworks/TextureIO.framework/Versions/A/TextureIO
0x00007ff80e653000 	/usr/lib/libate.dylib
0x00007ff80e42f000 	/usr/lib/liblzma.5.dylib
0x00007ff803ab8000 	/System/Library/Frameworks/SystemConfiguration.framework/Versions/A/SystemConfiguration
0x00007ff80dcdc000 	/usr/lib/libfakelink.dylib
0x00007ff807989000 	/System/Library/Frameworks/CFNetwork.framework/Versions/A/CFNetwork
0x00007ff80de1d000 	/usr/lib/libarchive.2.dylib
0x00007ff80c5b0000 	/System/Library/PrivateFrameworks/AppleSystemInfo.framework/Versions/A/AppleSystemInfo
0x00007ff80d317000 	/usr/lib/libbsm.0.dylib
0x00007ff806f98000 	/usr/lib/libnetwork.dylib
0x00007ff80dc75000 	/usr/lib/system/libkxld.dylib
0x00007ff80cf4a000 	/System/Library/PrivateFrameworks/IOMobileFramebuffer.framework/Versions/A/IOMobileFramebuffer
0x00007ffb1b6aa000 	/usr/lib/libCoreEntitlements.dylib
0x00007ff80d989000 	/System/Library/PrivateFrameworks/AppleFSCompression.framework/Versions/A/AppleFSCompression
0x00007ff80d2ff000 	/usr/lib/libcoretls.dylib
0x00007ff80e449000 	/usr/lib/libcoretls_cfhelpers.dylib
0x00007ff80df5f000 	/usr/lib/libpam.2.dylib
0x00007ff8092e9000 	/usr/lib/libsqlite3.dylib
0x00007ff80e4b8000 	/usr/lib/libxar.1.dylib
0x00007ff80d999000 	/usr/lib/libbz2.1.0.dylib
0x00007ff80dce1000 	/usr/lib/libpcap.A.dylib
0x00007ff8096c2000 	/usr/lib/libdns_services.dylib
0x00007ff80df2f000 	/usr/lib/libapple_nghttp2.dylib
0x00007ff80dd1b000 	/usr/lib/libiconv.2.dylib
0x00007ff80dc6e000 	/usr/lib/libcharset.1.dylib
0x00007ff80a621000 	/System/Library/Frameworks/CoreServices.framework/Versions/A/Frameworks/FSEvents.framework/Versions/A/FSEvents
0x00007ff805529000 	/System/Library/Frameworks/CoreServices.framework/Versions/A/Frameworks/CarbonCore.framework/Versions/A/CarbonCore
0x00007ff80990b000 	/System/Library/Frameworks/CoreServices.framework/Versions/A/Frameworks/Metadata.framework/Versions/A/Metadata
0x00007ff80d9ac000 	/System/Library/Frameworks/CoreServices.framework/Versions/A/Frameworks/OSServices.framework/Versions/A/OSServices
0x00007ff80dea4000 	/System/Library/Frameworks/CoreServices.framework/Versions/A/Frameworks/SearchKit.framework/Versions/A/SearchKit
0x00007ff809654000 	/System/Library/Frameworks/CoreServices.framework/Versions/A/Frameworks/AE.framework/Versions/A/AE
0x00007ff80342c000 	/System/Library/Frameworks/CoreServices.framework/Versions/A/Frameworks/LaunchServices.framework/Versions/A/LaunchServices
0x00007ff80e3e0000 	/System/Library/Frameworks/CoreServices.framework/Versions/A/Frameworks/DictionaryServices.framework/Versions/A/DictionaryServices
0x00007ff80a62e000 	/System/Library/Frameworks/CoreServices.framework/Versions/A/Frameworks/SharedFileList.framework/Versions/A/SharedFileList
0x00007ff80d2f3000 	/usr/lib/libCheckFix.dylib
0x00007ff807e93000 	/System/Library/PrivateFrameworks/TCC.framework/Versions/A/TCC
0x00007ff80c5b6000 	/System/Library/PrivateFrameworks/CoreNLP.framework/Versions/A/CoreNLP
0x00007ff8098bb000 	/System/Library/PrivateFrameworks/MetadataUtilities.framework/Versions/A/MetadataUtilities
0x00007ff803b69000 	/usr/lib/libmecabra.dylib
0x00007ff80d327000 	/usr/lib/libmecab.dylib
0x00007ff803b34000 	/usr/lib/libCRFSuite.dylib
0x00007ff80d381000 	/usr/lib/libgermantok.dylib
0x00007ff80df0a000 	/usr/lib/libThaiTokenizer.dylib
0x00007ff8099ae000 	/System/Library/Frameworks/Accelerate.framework/Versions/A/Frameworks/vImage.framework/Versions/A/vImage
0x00007ff814050000 	/System/Library/Frameworks/Accelerate.framework/Versions/A/Frameworks/vecLib.framework/Versions/A/vecLib
0x00007ff80e4f9000 	/System/Library/Frameworks/Accelerate.framework/Versions/A/Frameworks/vecLib.framework/Versions/A/libvMisc.dylib
0x00007ff80cd75000 	/System/Library/Frameworks/Accelerate.framework/Versions/A/Frameworks/vecLib.framework/Versions/A/libvDSP.dylib
0x00007ff8037a8000 	/System/Library/Frameworks/Accelerate.framework/Versions/A/Frameworks/vecLib.framework/Versions/A/libBLAS.dylib
0x00007ff80e042000 	/System/Library/Frameworks/Accelerate.framework/Versions/A/Frameworks/vecLib.framework/Versions/A/libLAPACK.dylib
0x00007ff80d384000 	/System/Library/Frameworks/Accelerate.framework/Versions/A/Frameworks/vecLib.framework/Versions/A/libLinearAlgebra.dylib
0x00007ff80df47000 	/System/Library/Frameworks/Accelerate.framework/Versions/A/Frameworks/vecLib.framework/Versions/A/libSparseBLAS.dylib
0x00007ff80e03c000 	/System/Library/Frameworks/Accelerate.framework/Versions/A/Frameworks/vecLib.framework/Versions/A/libQuadrature.dylib
0x00007ff80c6a1000 	/System/Library/Frameworks/Accelerate.framework/Versions/A/Frameworks/vecLib.framework/Versions/A/libBNNS.dylib
0x00007ff803a42000 	/System/Library/Frameworks/Accelerate.framework/Versions/A/Frameworks/vecLib.framework/Versions/A/libSparse.dylib
0x00007ff80c69a000 	/System/Library/PrivateFrameworks/LinguisticData.framework/Versions/A/LinguisticData
0x00007ff8039f8000 	/System/Library/PrivateFrameworks/Lexicon.framework/Versions/A/Lexicon
0x00007ff80e4f2000 	/usr/lib/libChineseTokenizer.dylib
0x00007ff804163000 	/System/Library/PrivateFrameworks/LanguageModeling.framework/Versions/A/LanguageModeling
0x00007ff80df0c000 	/System/Library/PrivateFrameworks/AppleSauce.framework/Versions/A/AppleSauce
0x00007ff80cf38000 	/System/Library/PrivateFrameworks/CoreEmoji.framework/Versions/A/CoreEmoji
0x00007ff80de0c000 	/usr/lib/libcmph.dylib
0x00007ff80a605000 	/System/Library/Frameworks/OpenDirectory.framework/Versions/A/Frameworks/CFOpenDirectory.framework/Versions/A/CFOpenDirectory
0x00007ff80a5f9000 	/System/Library/Frameworks/OpenDirectory.framework/Versions/A/OpenDirectory
0x00007ff80e44b000 	/System/Library/PrivateFrameworks/APFS.framework/Versions/A/APFS
0x00007ff80d24e000 	/System/Library/Frameworks/SecurityFoundation.framework/Versions/A/SecurityFoundation
0x00007ff80e4c6000 	/usr/lib/libutil.dylib
0x00007ff805853000 	/System/Library/PrivateFrameworks/CoreServicesStore.framework/Versions/A/CoreServicesStore
0x00007ff80e4ca000 	/usr/lib/libxslt.1.dylib
0x00007ff80d2db000 	/System/Library/PrivateFrameworks/BackgroundTaskManagement.framework/Versions/A/BackgroundTaskManagement
0x00007ff80f93a000 	/System/Library/Frameworks/ImageIO.framework/Versions/A/Resources/libRadiance.dylib
0x00007ff80f943000 	/System/Library/Frameworks/ImageIO.framework/Versions/A/Resources/libJPEG.dylib
0x00007ff80f892000 	/System/Library/Frameworks/ImageIO.framework/Versions/A/Resources/libPng.dylib
0x00007ff80f8b3000 	/System/Library/Frameworks/ImageIO.framework/Versions/A/Resources/libTIFF.dylib
0x00007ff80f9a3000 	/System/Library/Frameworks/ImageIO.framework/Versions/A/Resources/libGIF.dylib
0x00007ff80f1cd000 	/System/Library/Frameworks/ImageIO.framework/Versions/A/Resources/libJP2.dylib
0x00007ff80e908000 	/usr/lib/libexpat.1.dylib
0x00007ff80f182000 	/System/Library/PrivateFrameworks/AppleJPEG.framework/Versions/A/AppleJPEG
0x00007ff80baeb000 	/System/Library/PrivateFrameworks/FontServices.framework/libFontParser.dylib
0x00007ff8095fe000 	/System/Library/PrivateFrameworks/RunningBoardServices.framework/Versions/A/RunningBoardServices
0x00007ff81a316000 	/System/Library/PrivateFrameworks/IOSurfaceAccelerator.framework/Versions/A/IOSurfaceAccelerator
0x00007ff80f2af000 	/System/Library/PrivateFrameworks/WatchdogClient.framework/Versions/A/WatchdogClient
0x00007ff804251000 	/System/Library/Frameworks/CoreDisplay.framework/Versions/A/CoreDisplay
0x00007ff80b9e9000 	/System/Library/Frameworks/CoreMedia.framework/Versions/A/CoreMedia
0x00007ff80b87d000 	/System/Library/PrivateFrameworks/IOAccelerator.framework/Versions/A/IOAccelerator
0x00007ff80a782000 	/System/Library/Frameworks/CoreVideo.framework/Versions/A/CoreVideo
0x00007ff80df5d000 	/System/Library/Frameworks/MetalPerformanceShaders.framework/Versions/A/MetalPerformanceShaders
0x00007ff80f2ec000 	/System/Library/Frameworks/VideoToolbox.framework/Versions/A/VideoToolbox
0x00007ff809548000 	/System/Library/PrivateFrameworks/BaseBoard.framework/Versions/A/BaseBoard
0x00007ff8092cf000 	/System/Library/PrivateFrameworks/ProtocolBuffer.framework/Versions/A/ProtocolBuffer
0x00007ff80f933000 	/System/Library/PrivateFrameworks/GPUWrangler.framework/Versions/A/GPUWrangler
0x00007ff80f917000 	/System/Library/PrivateFrameworks/IOPresentment.framework/Versions/A/IOPresentment
0x00007ff80f93d000 	/System/Library/PrivateFrameworks/DSExternalDisplay.framework/Versions/A/DSExternalDisplay
0x00007ffa1bcc0000 	/System/Library/Frameworks/OpenGL.framework/Versions/A/Libraries/libCoreFSCache.dylib
0x00007ffb08d99000 	/System/Library/PrivateFrameworks/GPUCompiler.framework/Versions/31001/Libraries/libGPUCompilerUtils.dylib
0x00007ff80f9a8000 	/System/Library/PrivateFrameworks/CMCaptureCore.framework/Versions/A/CMCaptureCore
0x00007ff80eeb1000 	/System/Library/PrivateFrameworks/AppServerSupport.framework/Versions/A/AppServerSupport
0x00007ff811176000 	/System/Library/PrivateFrameworks/perfdata.framework/Versions/A/perfdata
0x00007ff80437d000 	/System/Library/PrivateFrameworks/AudioToolboxCore.framework/Versions/A/AudioToolboxCore
0x00007ff80b9c7000 	/System/Library/PrivateFrameworks/caulk.framework/Versions/A/caulk
0x00007ff810a88000 	/usr/lib/libAudioStatistics.dylib
0x00007ff90877e000 	/System/Library/PrivateFrameworks/SystemPolicy.framework/Versions/A/SystemPolicy
0x00007ff810ce3000 	/usr/lib/libSMC.dylib
0x00007ff819c0e000 	/System/Library/Frameworks/CoreMIDI.framework/Versions/A/CoreMIDI
0x00007ff80f861000 	/usr/lib/libAudioToolboxUtility.dylib
0x00007ff9049a6000 	/System/Library/PrivateFrameworks/OSAServicesClient.framework/Versions/A/OSAServicesClient
0x00007ff811183000 	/usr/lib/libperfcheck.dylib
0x00007ff90922f000 	/usr/lib/libmis.dylib
0x00007ffa1bd1b000 	/System/Library/Frameworks/OpenGL.framework/Versions/A/Libraries/libGLU.dylib
0x00007ffa1bcdf000 	/System/Library/Frameworks/OpenGL.framework/Versions/A/Libraries/libGFXShared.dylib
0x00007ffa1bee8000 	/System/Library/Frameworks/OpenGL.framework/Versions/A/Libraries/libGL.dylib
0x00007ffa1bce8000 	/System/Library/Frameworks/OpenGL.framework/Versions/A/Libraries/libGLImage.dylib
0x00007ffa1bcdc000 	/System/Library/Frameworks/OpenGL.framework/Versions/A/Libraries/libCVMSPluginSupport.dylib
0x00007ffa1bcc7000 	/System/Library/Frameworks/OpenGL.framework/Versions/A/Libraries/libCoreVMClient.dylib
0x00007ff80c532000 	/System/Library/Frameworks/MetalPerformanceShaders.framework/Versions/A/Frameworks/MPSCore.framework/Versions/A/MPSCore
0x00007ff80d8f4000 	/System/Library/Frameworks/MetalPerformanceShaders.framework/Versions/A/Frameworks/MPSImage.framework/Versions/A/MPSImage
0x00007ff80d39a000 	/System/Library/Frameworks/MetalPerformanceShaders.framework/Versions/A/Frameworks/MPSNeuralNetwork.framework/Versions/A/MPSNeuralNetwork
0x00007ff80d80e000 	/System/Library/Frameworks/MetalPerformanceShaders.framework/Versions/A/Frameworks/MPSMatrix.framework/Versions/A/MPSMatrix
0x00007ff80d5c9000 	/System/Library/Frameworks/MetalPerformanceShaders.framework/Versions/A/Frameworks/MPSRayIntersector.framework/Versions/A/MPSRayIntersector
0x00007ff80d846000 	/System/Library/Frameworks/MetalPerformanceShaders.framework/Versions/A/Frameworks/MPSNDArray.framework/Versions/A/MPSNDArray
0x00007ffa217a0000 	/System/Library/Frameworks/MetalPerformanceShaders.framework/Versions/A/Frameworks/MPSFunctions.framework/Versions/A/MPSFunctions
0x00007ff803684000 	/System/Library/PrivateFrameworks/MetalTools.framework/Versions/A/MetalTools
0x00007ff80c5ae000 	/System/Library/PrivateFrameworks/AggregateDictionary.framework/Versions/A/AggregateDictionary
0x00007ff80e6ea000 	/usr/lib/libIOReport.dylib
0x00007ffa1d2f7000 	/System/Library/Frameworks/OpenCL.framework/Versions/A/OpenCL
0x00007ff80ea4f000 	/System/Library/PrivateFrameworks/FaceCore.framework/Versions/A/FaceCore
0x00007ff80ea40000 	/System/Library/PrivateFrameworks/GraphVisualizer.framework/Versions/A/GraphVisualizer
0x00007ffb08ca4000 	/System/Library/PrivateFrameworks/FontServices.framework/Versions/A/FontServices
0x00007ff80ee69000 	/System/Library/PrivateFrameworks/OTSVG.framework/Versions/A/OTSVG
0x00007ff80a368000 	/System/Library/Frameworks/ApplicationServices.framework/Versions/A/Frameworks/ATS.framework/Versions/A/Resources/libFontRegistry.dylib
0x00007ff80eeb9000 	/System/Library/PrivateFrameworks/FontServices.framework/libhvf.dylib
0x00007ffb08ca5000 	/System/Library/PrivateFrameworks/FontServices.framework/libXTFontStaticRegistryData.dylib
0x00007ff80e8b8000 	/System/Library/PrivateFrameworks/AppleVA.framework/Versions/A/AppleVA
0x00007ff810aa8000 	/System/Library/Frameworks/ApplicationServices.framework/Versions/A/Frameworks/ATS.framework/Versions/A/ATS
0x00007ff808a15000 	/System/Library/Frameworks/ApplicationServices.framework/Versions/A/Frameworks/HIServices.framework/Versions/A/HIServices
0x00007ff80f9b2000 	/System/Library/Frameworks/ApplicationServices.framework/Versions/A/Frameworks/PrintCore.framework/Versions/A/PrintCore
0x00007ff810e36000 	/System/Library/Frameworks/ApplicationServices.framework/Versions/A/Frameworks/QD.framework/Versions/A/QD
0x00007ff810e2e000 	/System/Library/Frameworks/ApplicationServices.framework/Versions/A/Frameworks/ColorSyncLegacy.framework/Versions/A/ColorSyncLegacy
0x00007ff810a98000 	/System/Library/Frameworks/ApplicationServices.framework/Versions/A/Frameworks/SpeechSynthesis.framework/Versions/A/SpeechSynthesis
0x00007ff80f973000 	/System/Library/Frameworks/ApplicationServices.framework/Versions/A/Frameworks/ATSUI.framework/Versions/A/ATSUI
0x00007ff810dc3000 	/usr/lib/libcups.2.dylib
0x00007ff811192000 	/System/Library/Frameworks/Kerberos.framework/Versions/A/Kerberos
0x00007ff8111a1000 	/System/Library/Frameworks/GSS.framework/Versions/A/GSS
0x00007ff810b14000 	/usr/lib/libresolv.9.dylib
0x00007ff80eec8000 	/System/Library/PrivateFrameworks/Heimdal.framework/Versions/A/Heimdal
0x00007ff817d91000 	/System/Library/Frameworks/Kerberos.framework/Versions/A/Libraries/libHeimdalProxy.dylib
0x00007ff8096d2000 	/System/Library/Frameworks/Network.framework/Versions/A/Network
0x00007ff80e923000 	/usr/lib/libheimdal-asn1.dylib
0x00007ff8111ec000 	/System/Library/PrivateFrameworks/CommonAuth.framework/Versions/A/CommonAuth
0x00007ff810a1a000 	/System/Library/PrivateFrameworks/AudioSession.framework/Versions/A/AudioSession
0x00007ff80e9b3000 	/System/Library/PrivateFrameworks/MediaExperience.framework/Versions/A/MediaExperience
0x00007ff8108ac000 	/System/Library/PrivateFrameworks/AudioSession.framework/libSessionUtility.dylib
0x00007ff810e42000 	/System/Library/PrivateFrameworks/AudioResourceArbitration.framework/Versions/A/AudioResourceArbitration
0x00007ff814ec3000 	/System/Library/PrivateFrameworks/PowerLog.framework/Versions/A/PowerLog
0x00007ff80e92c000 	/System/Library/PrivateFrameworks/IconFoundation.framework/Versions/A/IconFoundation
0x00007ff813c79000 	/System/Library/PrivateFrameworks/SpeechRecognitionCore.framework/Versions/A/SpeechRecognitionCore
0x00007ffa0df30000 	/System/Library/CoreServices/Encodings/libTraditionalChineseConverter.dylib
0x0000000110ff3000 	/Users/macintosh/Library/Java/JavaVirtualMachines/openjdk-21.0.2/Contents/Home/lib/server/libjvm.dylib
0x000000010fdbe000 	/Users/macintosh/Library/Java/JavaVirtualMachines/openjdk-21.0.2/Contents/Home/lib/libjimage.dylib
0x000000010fde1000 	/Users/macintosh/Library/Java/JavaVirtualMachines/openjdk-21.0.2/Contents/Home/lib/libinstrument.dylib
0x000000010fe1f000 	/Users/macintosh/Library/Java/JavaVirtualMachines/openjdk-21.0.2/Contents/Home/lib/libjava.dylib
0x000000010fe08000 	/Users/macintosh/Library/Java/JavaVirtualMachines/openjdk-21.0.2/Contents/Home/lib/libzip.dylib
0x000000011074b000 	/Users/macintosh/Library/Java/JavaVirtualMachines/openjdk-21.0.2/Contents/Home/lib/libnio.dylib
0x0000000110767000 	/Users/macintosh/Library/Java/JavaVirtualMachines/openjdk-21.0.2/Contents/Home/lib/libnet.dylib
0x0000000110730000 	/Users/macintosh/Library/Java/JavaVirtualMachines/openjdk-21.0.2/Contents/Home/lib/libextnet.dylib
0x000000011077b000 	/Users/macintosh/Library/Java/JavaVirtualMachines/openjdk-21.0.2/Contents/Home/lib/libmanagement.dylib
0x000000011078b000 	/Users/macintosh/Library/Java/JavaVirtualMachines/openjdk-21.0.2/Contents/Home/lib/libmanagement_ext.dylib


VM Arguments:
jvm_args: -XX:TieredStopAtLevel=1 -Dspring.output.ansi.enabled=always -Dcom.sun.management.jmxremote -Dspring.jmx.enabled=true -Dspring.liveBeansView.mbeanDomain -Dspring.application.admin.enabled=true -Dmanagement.endpoints.jmx.exposure.include=* -javaagent:/Applications/IntelliJ IDEA.app/Contents/lib/idea_rt.jar=52341:/Applications/IntelliJ IDEA.app/Contents/bin -Dfile.encoding=UTF-8 -Dsun.stdout.encoding=UTF-8 -Dsun.stderr.encoding=UTF-8 
java_command: com.penny.Main
java_class_path (initial): /Users/macintosh/Workspace/property-booking-website/target/classes:/Users/macintosh/.m2/repository/org/springframework/boot/spring-boot-starter-web/3.2.2/spring-boot-starter-web-3.2.2.jar:/Users/macintosh/.m2/repository/org/springframework/boot/spring-boot-starter/3.2.2/spring-boot-starter-3.2.2.jar:/Users/macintosh/.m2/repository/org/springframework/boot/spring-boot/3.2.2/spring-boot-3.2.2.jar:/Users/macintosh/.m2/repository/org/springframework/boot/spring-boot-autoconfigure/3.2.2/spring-boot-autoconfigure-3.2.2.jar:/Users/macintosh/.m2/repository/org/springframework/boot/spring-boot-starter-logging/3.2.2/spring-boot-starter-logging-3.2.2.jar:/Users/macintosh/.m2/repository/ch/qos/logback/logback-classic/1.4.14/logback-classic-1.4.14.jar:/Users/macintosh/.m2/repository/ch/qos/logback/logback-core/1.4.14/logback-core-1.4.14.jar:/Users/macintosh/.m2/repository/org/apache/logging/log4j/log4j-to-slf4j/2.21.1/log4j-to-slf4j-2.21.1.jar:/Users/macintosh/.m2/repository/org/apache/logging/log4j/log4j-api/2.21.1/log4j-api-2.21.1.jar:/Users/macintosh/.m2/repository/org/slf4j/jul-to-slf4j/2.0.11/jul-to-slf4j-2.0.11.jar:/Users/macintosh/.m2/repository/jakarta/annotation/jakarta.annotation-api/2.1.1/jakarta.annotation-api-2.1.1.jar:/Users/macintosh/.m2/repository/org/springframework/boot/spring-boot-starter-json/3.2.2/spring-boot-starter-json-3.2.2.jar:/Users/macintosh/.m2/repository/com/fasterxml/jackson/datatype/jackson-datatype-jdk8/2.15.3/jackson-datatype-jdk8-2.15.3.jar:/Users/macintosh/.m2/repository/com/fasterxml/jackson/datatype/jackson-datatype-jsr310/2.15.3/jackson-datatype-jsr310-2.15.3.jar:/Users/macintosh/.m2/repository/com/fasterxml/jackson/module/jackson-module-parameter-names/2.15.3/jackson-module-parameter-names-2.15.3.jar:/Users/macintosh/.m2/repository/org/springframework/boot/spring-boot-starter-tomcat/3.2.2/spring-boot-starter-tomcat-3.2.2.jar:/Users/macintosh/.m2/repository/org/apache/tomcat/embed/tomcat-embed-core/10.1.18/tomcat-embed-core-10.1.18.jar:/Users/macintosh/.m2/repository/org/apache/tomcat/embed/tomcat-embed-websocket/10.1.18/tomcat-embed-websocket-10.1.18.jar:/Users/macintosh/.m2/repository/org/springframework/spring-web/6.1.3/spring-web-6.1.3.jar:/Users/macintosh/.m2/repository/org/springframework/spring-beans/6.1.3/spring-beans-6.1.3.jar:/Users/macintosh/.m2/repository/io/micrometer/micrometer-observation/1.12.2/micrometer-observation-1.12.2.jar:/Users/macintosh/.m2/repository/io/micrometer/micrometer-commons/1.12.2/micrometer-commons-1.12.2.jar:/Users/macintosh/.m2/repository/org/springframework/spring-webmvc/6.1.3/spring-webmvc-6.1.3.jar:/Users/macintosh/.m2/repository/org/springframework/spring-context/6.1.3/spring-context-6.1.3.jar:/Users/macintosh/.m2/repository/org/springframework/spring-expression/6.1.3/spring-expression-6.1.3.jar:/Users/macintosh/.m2/repository/org/slf4j/slf4j-api/2.0.11/slf4j-api-2.0.11.jar:/Users/macintosh/.m2/repository/org/springframework/spring-core/6.1.3/spring-core-6.1.3.jar:/Users/macintosh/.m2/repository/org/springframework/spring-jcl/6.1.3/spring-jcl-6.1.3.jar:/Users/macintosh/.m2/repository/org/springframework/boot/spring-boot-starter-validation/3.2.2/spring-boot-starter-validation-3.2.2.jar:/Users/macintosh/.m2/repository/org/apache/tomcat/embed/tomcat-embed-el/10.1.18/tomcat-embed-el-10.1.18.jar:/Users/macintosh/.m2/repository/org/hibernate/validator/hibernate-validator/8.0.1.Final/hibernate-validator-8.0.1.Final.jar:/Users/macintosh/.m2/repository/jakarta/validation/jakarta.validation-api/3.0.2/jakarta.validation-api-3.0.2.jar:/Users/macintosh/.m2/repository/org/jboss/logging/jboss-logging/3.5.3.Final/jboss-logging-3.5.3.Final.jar:/Users/macintosh/.m2/repository/com/fasterxml/classmate/1.6.0/classmate-1.6.0.jar:/Users/macintosh/.m2/repository/org/postgresql/postgresql/42.6.0/postgresql-42.6.0.jar:/Users/macintosh/.m2/repository/org/checkerframework/checker-qual/3.31.0/checker-qual-3.31.0.jar:/Users/macintosh/.m2/repository/org/mybatis/spring/boot/mybatis-spring-boot-starter/3.0.3/mybatis-spring-boot-starter-3.0.3.jar:/Users/macintosh/.m2/repository/org/springframework/boot/spring-boot-starter-jdbc/3.2.2/spring-boot-starter-jdbc-3.2.2.jar:/Users/macintosh/.m2/repository/com/zaxxer/HikariCP/5.0.1/HikariCP-5.0.1.jar:/Users/macintosh/.m2/repository/org/springframework/spring-jdbc/6.1.3/spring-jdbc-6.1.3.jar:/Users/macintosh/.m2/repository/org/mybatis/spring/boot/mybatis-spring-boot-autoconfigure/3.0.3/mybatis-spring-boot-autoconfigure-3.0.3.jar:/Users/macintosh/.m2/repository/org/mybatis/mybatis/3.5.14/mybatis-3.5.14.jar:/Users/macintosh/.m2/repository/org/mybatis/mybatis-spring/3.0.3/mybatis-spring-3.0.3.jar:/Users/macintosh/.m2/repository/org/liquibase/liquibase-core/4.24.0/liquibase-core-4.24.0.jar:/Users/macintosh/.m2/repository/com/opencsv/opencsv/5.8/opencsv-5.8.jar:/Users/macintosh/.m2/repository/org/apache/commons/commons-lang3/3.13.0/commons-lang3-3.13.0.jar:/Users/macintosh/.m2/repository/org/apache/commons/commons-text/1.10.0/commons-text-1.10.0.jar:/Users/macintosh/.m2/repository/org/apache/commons/commons-collections4/4.4/commons-collections4-4.4.jar:/Users/macintosh/.m2/repository/org/yaml/snakeyaml/2.2/snakeyaml-2.2.jar:/Users/macintosh/.m2/repository/javax/xml/bind/jaxb-api/2.3.1/jaxb-api-2.3.1.jar:/Users/macintosh/.m2/repository/org/projectlombok/lombok/1.18.30/lombok-1.18.30.jar:/Users/macintosh/.m2/repository/com/softwareloop/mybatis-generator-lombok-plugin/1.0/mybatis-generator-lombok-plugin-1.0.jar:/Users/macintosh/.m2/repository/org/springframework/boot/spring-boot-starter-security/3.2.2/spring-boot-starter-security-3.2.2.jar:/Users/macintosh/.m2/repository/org/springframework/spring-aop/6.1.3/spring-aop-6.1.3.jar:/Users/macintosh/.m2/repository/org/springframework/security/spring-security-config/6.2.1/spring-security-config-6.2.1.jar:/Users/macintosh/.m2/repository/org/springframework/security/spring-security-core/6.2.1/spring-security-core-6.2.1.jar:/Users/macintosh/.m2/repository/org/springframework/security/spring-security-crypto/6.2.1/spring-security-crypto-6.2.1.jar:/Users/macintosh/.m2/repository/org/springframework/security/spring-security-web/6.2.1/spring-security-web-6.2.1.jar:/Users/macintosh/.m2/repository/io/jsonwebtoken/jjwt-api/0.12.5/jjwt-api-0.12.5.jar:/Users/macintosh/.m2/repository/io/jsonwebtoken/jjwt-impl/0.12.5/jjwt-impl-0.12.5.jar:/Users/macintosh/.m2/repository/io/jsonwebtoken/jjwt-jackson/0.12.5/jjwt-jackson-0.12.5.jar:/Users/macintosh/.m2/repository/com/fasterxml/jackson/core/jackson-databind/2.15.3/jackson-databind-2.15.3.jar:/Users/macintosh/.m2/repository/com/fasterxml/jackson/core/jackson-annotations/2.15.3/jackson-annotations-2.15.3.jar:/Users/macintosh/.m2/repository/com/fasterxml/jackson/core/jackson-core/2.15.3/jackson-core-2.15.3.jar:/Users/macintosh/.m2/repository/com/amazonaws/aws-java-sdk-s3/1.11.163/aws-java-sdk-s3-1.11.163.jar:/Users/macintosh/.m2/repository/com/amazonaws/aws-java-sdk-kms/1.11.163/aws-java-sdk-kms-1.11.163.jar:/Users/macintosh/.m2/repository/com/amazonaws/aws-java-sdk-core/1.11.163/aws-java-sdk-core-1.11.163.jar:/Users/macintosh/.m2/repository/commons-logging/commons-logging/1.1.3/commons-logging-1.1.3.jar:/Users/macintosh/.m2/repository/org/apache/httpcomponents/httpclient/4.5.2/httpclient-4.5.2.jar:/Users/macintosh/.m2/repository/org/apache/httpcomponents/httpcore/4.4.16/httpcore-4.4.16.jar:/Users/macintosh/.m2/repository/commons-codec/commons-codec/1.16.0/commons-codec-1.16.0.jar:/Users/macintosh/.m2/repository/software/amazon/ion/ion-java/1.0.2/ion-java-1.0.2.jar:/Users/macintosh/.m2/repository/com/fasterxml/jackson/dataformat/jackson-dataformat-cbor/2.15.3/jackson-dataformat-cbor-2.15.3.jar:/Users/macintosh/.m2/repository/joda-time/joda-time/2.8.1/joda-time-2.8.1.jar:/Users/macintosh/.m2/repository/com/amazonaws/jmespath-java/1.11.163/jmespath-java-1.11.163.jar:/Users/macintosh/.m2/repository/org/springframework/boot/spring-boot-starter-amqp/3.2.2/spring-boot-starter-amqp-3.2.2.jar:/Users/macintosh/.m2/repository/org/springframework/spring-messaging/6.1.3/spring-messaging-6.1.3.jar:/Users/macintosh/.m2/repository/org/springframework/amqp/spring-rabbit/3.1.1/spring-rabbit-3.1.1.jar:/Users/macintosh/.m2/repository/org/springframework/amqp/spring-amqp/3.1.1/spring-amqp-3.1.1.jar:/Users/macintosh/.m2/repository/org/springframework/retry/spring-retry/2.0.5/spring-retry-2.0.5.jar:/Users/macintosh/.m2/repository/com/rabbitmq/amqp-client/5.19.0/amqp-client-5.19.0.jar:/Users/macintosh/.m2/repository/org/springframework/spring-tx/6.1.3/spring-tx-6.1.3.jar
Launcher Type: SUN_STANDARD

[Global flags]
     intx CICompilerCount                          = 3                                         {product} {ergonomic}
     uint ConcGCThreads                            = 1                                         {product} {ergonomic}
     uint G1ConcRefinementThreads                  = 4                                         {product} {ergonomic}
   size_t G1HeapRegionSize                         = 1048576                                   {product} {ergonomic}
    uintx GCDrainStackTargetSize                   = 64                                        {product} {ergonomic}
   size_t InitialHeapSize                          = 134217728                                 {product} {ergonomic}
     bool ManagementServer                         = true                                      {product} {command line}
   size_t MarkStackSize                            = 4194304                                   {product} {ergonomic}
   size_t MaxHeapSize                              = 2147483648                                {product} {ergonomic}
   size_t MaxNewSize                               = 1287651328                                {product} {ergonomic}
   size_t MinHeapDeltaBytes                        = 1048576                                   {product} {ergonomic}
   size_t MinHeapSize                              = 8388608                                   {product} {ergonomic}
    uintx NonNMethodCodeHeapSize                   = 4096                                   {pd product} {ergonomic}
    uintx NonProfiledCodeHeapSize                  = 0                                      {pd product} {ergonomic}
     bool ProfileInterpreter                       = false                                  {pd product} {command line}
    uintx ProfiledCodeHeapSize                     = 0                                      {pd product} {ergonomic}
   size_t SoftMaxHeapSize                          = 2147483648                             {manageable} {ergonomic}
     intx TieredStopAtLevel                        = 1                                         {product} {command line}
     bool UseCompressedOops                        = true                           {product lp64_product} {ergonomic}
     bool UseG1GC                                  = true                                      {product} {ergonomic}
     bool UseNUMA                                  = false                                     {product} {ergonomic}
     bool UseNUMAInterleaving                      = false                                     {product} {ergonomic}

Logging:
Log output configuration:
 #0: stdout all=warning uptime,level,tags foldmultilines=false
 #1: stderr all=off uptime,level,tags foldmultilines=false

Environment Variables:
PATH=/usr/local/bin:/usr/bin:/bin:/usr/sbin:/sbin:/Applications/Postgres.app/Contents/Versions/latest/bin
SHELL=/bin/zsh
LC_CTYPE=zh_TW.UTF-8
TMPDIR=/var/folders/lx/c4p71p791bd7dqwv77nf7ffh0000gn/T/

Active Locale:
LC_ALL=C/zh_TW.UTF-8/C/C/C/C
LC_COLLATE=C
LC_CTYPE=zh_TW.UTF-8
LC_MESSAGES=C
LC_MONETARY=C
LC_NUMERIC=C
LC_TIME=C

Signal Handlers:
   SIGSEGV: crash_handler in libjvm.dylib, mask=11100110000111110111111111111111, flags=SA_ONSTACK|SA_RESTART|SA_SIGINFO, unblocked
    SIGBUS: crash_handler in libjvm.dylib, mask=11100110000111110111111111111111, flags=SA_RESTART|SA_SIGINFO, unblocked
    SIGFPE: crash_handler in libjvm.dylib, mask=11100110000111110111111111111111, flags=SA_RESTART|SA_SIGINFO, unblocked
   SIGPIPE: javaSignalHandler in libjvm.dylib, mask=11100110000111110111111111111111, flags=SA_RESTART|SA_SIGINFO, blocked
   SIGXFSZ: javaSignalHandler in libjvm.dylib, mask=11100110000111110111111111111111, flags=SA_RESTART|SA_SIGINFO, blocked
    SIGILL: crash_handler in libjvm.dylib, mask=11100110000111110111111111111111, flags=SA_RESTART|SA_SIGINFO, unblocked
   SIGUSR2: SR_handler in libjvm.dylib, mask=00100000000000000000000000000000, flags=SA_RESTART|SA_SIGINFO, blocked
    SIGHUP: UserHandler in libjvm.dylib, mask=11100110000111110111111111111111, flags=SA_RESTART|SA_SIGINFO, blocked
    SIGINT: UserHandler in libjvm.dylib, mask=11100110000111110111111111111111, flags=SA_RESTART|SA_SIGINFO, blocked
   SIGTERM: UserHandler in libjvm.dylib, mask=11100110000111110111111111111111, flags=SA_RESTART|SA_SIGINFO, blocked
   SIGQUIT: UserHandler in libjvm.dylib, mask=11100110000111110111111111111111, flags=SA_RESTART|SA_SIGINFO, blocked
   SIGTRAP: crash_handler in libjvm.dylib, mask=11100110000111110111111111111111, flags=SA_RESTART|SA_SIGINFO, unblocked


Periodic native trim disabled

---------------  S Y S T E M  ---------------

OS:
uname: Darwin 21.6.0 Darwin Kernel Version 21.6.0: Thu Jul  6 22:18:26 PDT 2023; root:xnu-8020.240.18.702.13~1/RELEASE_X86_64 x86_64
OS uptime: 0 days 20:06 hours
rlimit (soft/hard): STACK 8192k/65532k , CORE 0k/infinity , NPROC 1392/2088 , NOFILE 10240/infinity , AS infinity/infinity , CPU infinity/infinity , DATA infinity/infinity , FSIZE infinity/infinity , MEMLOCK infinity/infinity , RSS infinity/infinity
load average: 7.44 4.54 4.23

CPU: total 4 (initial active 4) (2 cores per cpu, 2 threads per core) family 6 model 61 stepping 4 microcode 0x2f, cx8, cmov, fxsr, ht, mmx, 3dnowpref, sse, sse2, sse3, ssse3, sse4.1, sse4.2, popcnt, lzcnt, tsc, tscinvbit, avx, avx2, aes, erms, clmul, bmi1, bmi2, adx, fma, vzeroupper, clflush, rdtscp, f16c
machdep.cpu.brand_string:Intel(R) Core(TM) i5-5257U CPU @ 2.70GHz
hw.cpufrequency:2700000000
hw.cpufrequency_min:2700000000
hw.cpufrequency_max:2700000000
hw.cachelinesize:64
hw.l1icachesize:32768
hw.l1dcachesize:32768
hw.l2cachesize:262144
hw.l3cachesize:3145728

Memory: 4k page, physical 8388608k(189396k free), swap 2097152k(1437952k free)

vm_info: OpenJDK 64-Bit Server VM (21.0.2+13-58) for bsd-amd64 JRE (21.0.2+13-58), built on 2024-01-05T18:32:24Z by "mach5one" with clang Apple LLVM 12.0.0 (clang-1200.0.32.29)

END.
